2025-06-06 22:25:48,674 - everli_bot - INFO - [_setup_logging:157] - Logging initialized. Job ID: 3b1ddf27-1d7b-4f5a-910e-735df70d3722
2025-06-06 22:25:48,675 - everli_bot - INFO - [register_and_confirm:409] - Starting Everli account registration process
2025-06-06 22:25:48,675 - everli_bot - INFO - [create_temporary_email:247] - Creating temporary email account (attempt 1)
2025-06-06 22:25:51,227 - everli_bot - INFO - [create_temporary_email:273] - Successfully created temporary email: 5yl5g9fvcz@punkproof.com
2025-06-06 22:25:51,904 - everli_bot - INFO - [setup_browser:380] - Browser initialized with temp profile: C:\Users\user\AppData\Local\Temp\everli_profile_nlrg8h_m
2025-06-06 22:25:51,905 - everli_bot - INFO - [register_and_confirm:415] - Navigating to Everli website
2025-06-06 22:26:00,849 - everli_bot - INFO - [register_and_confirm:423] - Cookie consent accepted
2025-06-06 22:26:00,849 - everli_bot - INFO - [register_and_confirm:427] - Entering address and selecting store
2025-06-06 22:26:10,390 - everli_bot - INFO - [register_and_confirm:448] - Lidl store selected
2025-06-06 22:26:10,390 - everli_bot - INFO - [register_and_confirm:460] - Opening registration modal
2025-06-06 22:26:16,744 - everli_bot - INFO - [register_and_confirm:476] - Registration modal opened using selector: //div[contains(text(),'Sign up') or contains(text(),'Log in')]
2025-06-06 22:26:16,744 - everli_bot - INFO - [register_and_confirm:486] - Entering email address
2025-06-06 22:26:22,304 - everli_bot - INFO - [click_continue_with_email:362] - Successfully clicked 'Continue with Email' button
2025-06-06 22:26:22,305 - everli_bot - INFO - [register_and_confirm:497] - Entering password and submitting form
2025-06-06 22:26:24,412 - everli_bot - INFO - [wait_for_password_input:337] - Password input field found
2025-06-06 22:26:26,716 - everli_bot - INFO - [register_and_confirm:504] - Registration form submitted
2025-06-06 22:26:26,716 - everli_bot - INFO - [register_and_confirm:509] - Waiting for confirmation email
2025-06-06 22:26:26,717 - everli_bot - INFO - [poll_for_confirmation_email:288] - Polling for confirmation email (timeout: 300s)
2025-06-06 22:26:38,267 - everli_bot - INFO - [poll_for_confirmation_email:307] - Found confirmation link: https://it.everli.com/s#/registration-email-confirm/5yl5g9fvcz@punkproof.com?token=eyJpdiI6IkxcL0VxcGxSQ082QzJvWDNBRnhheVBBPT0iLCJ2YWx1ZSI6ImZjalpzVVZhK3pxQWhDekRBUkJcL3hRN09tZ25odWxvNnhuTlRkVlh1dTA0eFB4bndicW1cLzg4T3pueXpmdWJ3bExhb3NJYzJTblRLQkM2NWsyYU1KOHhaRndJTnlpclBwVUZHV0RSN25DRFk9IiwibWFjIjoiZjRjNjUxNjljODk1NjdlNzllZTE1OGVlMjEyODE2NTdhZmI1ZjBkNzI2MTVjNDE1NGNiMDBhOWZjNWZlYjY1MyJ9
2025-06-06 22:26:38,268 - everli_bot - INFO - [register_and_confirm:512] - Following confirmation link: https://it.everli.com/s#/registration-email-confirm/5yl5g9fvcz@punkproof.com?token=eyJpdiI6IkxcL0VxcGxSQ082QzJvWDNBRnhheVBBPT0iLCJ2YWx1ZSI6ImZjalpzVVZhK3pxQWhDekRBUkJcL3hRN09tZ25odWxvNnhuTlRkVlh1dTA0eFB4bndicW1cLzg4T3pueXpmdWJ3bExhb3NJYzJTblRLQkM2NWsyYU1KOHhaRndJTnlpclBwVUZHV0RSN25DRFk9IiwibWFjIjoiZjRjNjUxNjljODk1NjdlNzllZTE1OGVlMjEyODE2NTdhZmI1ZjBkNzI2MTVjNDE1NGNiMDBhOWZjNWZlYjY1MyJ9
2025-06-06 22:26:40,822 - everli_bot - INFO - [register_and_confirm:517] - Waiting for email confirmation page to load...
2025-06-06 22:26:45,823 - everli_bot - INFO - [register_and_confirm:520] - Waiting for automatic login after email confirmation...
2025-06-06 22:26:45,825 - everli_bot - INFO - [register_and_confirm:529] - Detected redirect from confirmation page - login likely successful
2025-06-06 22:26:45,825 - everli_bot - INFO - [extract_vauth_token_from_cookies:31] - Attempting to extract vAuthToken from cookies
2025-06-06 22:26:48,833 - everli_bot - INFO - [extract_vauth_token_from_cookies:39] - vAuthToken found in cookies: "45796f553672504d5933755a32456f5567584a59"
2025-06-06 22:26:48,834 - everli_bot - INFO - [register_and_confirm:534] - vAuthToken extracted successfully: "45796f553672504d5933755a32456f5567584a59"
2025-06-06 22:26:48,834 - everli_bot - INFO - [register_and_confirm:540] - Successfully extracted vAuthToken: "45796f553672504d5933755a32456f5567584a59"
2025-06-06 22:27:03,835 - everli_bot - INFO - [register_and_confirm:552] - Browser session closed
2025-06-06 22:27:03,872 - everli_bot - WARNING - [register_and_confirm:560] - Error cleaning up temp profile: [WinError 32] The process cannot access the file because it is being used by another process: 'C:\\Users\\user\\AppData\\Local\\Temp\\everli_profile_nlrg8h_m\\Default\\Extension Rules\\000003.log'
2025-06-06 22:27:03,872 - everli_bot - INFO - [main_execution:609] - vAuthToken obtained successfully: "45796f553672504d5933755a32456f5567584a59"
2025-06-06 22:27:03,873 - everli_bot - INFO - [main_execution:614] - Start processing Store 0 - Lidl
2025-06-06 22:27:04,956 - everli_bot - INFO - [main_execution:649] - Categories found: 129
2025-06-06 22:27:04,957 - everli_bot - INFO - [main_execution:655] - Scraping category 1/129 - Solari
2025-06-06 22:27:08,747 - everli_bot - INFO - [main_execution:655] - Scraping category 2/129 - Verdura Fresca
2025-06-06 22:27:12,675 - everli_bot - INFO - [main_execution:655] - Scraping category 3/129 - Frutta Fresca
2025-06-06 22:27:18,017 - everli_bot - INFO - [main_execution:655] - Scraping category 4/129 - Insalate e Verdure in Busta
2025-06-06 22:27:22,076 - everli_bot - INFO - [main_execution:655] - Scraping category 5/129 - Frutta Secca e Sciroppata
2025-06-06 22:27:25,183 - everli_bot - INFO - [main_execution:655] - Scraping category 6/129 - Aromi
2025-06-06 22:27:28,029 - everli_bot - INFO - [main_execution:655] - Scraping category 7/129 - Pollo e Tacchino
2025-06-06 22:27:32,540 - everli_bot - INFO - [main_execution:655] - Scraping category 8/129 - Manzo e Vitello
2025-06-06 22:27:35,734 - everli_bot - INFO - [main_execution:655] - Scraping category 9/129 - Maiale
2025-06-06 22:27:38,890 - everli_bot - INFO - [main_execution:655] - Scraping category 10/129 - Spiedini, Polpette e Specialità di Carne
2025-06-06 22:27:42,612 - everli_bot - INFO - [main_execution:655] - Scraping category 11/129 - Altre Carni
2025-06-06 22:27:45,404 - everli_bot - INFO - [main_execution:655] - Scraping category 12/129 - Wurstel e Carni Impanate
2025-06-06 22:27:48,304 - everli_bot - INFO - [main_execution:655] - Scraping category 13/129 - Pesce Fresco
2025-06-06 22:27:51,159 - everli_bot - INFO - [main_execution:655] - Scraping category 14/129 - Specialità di Pesce
2025-06-06 22:27:53,728 - everli_bot - INFO - [main_execution:655] - Scraping category 15/129 - Formaggi da Banco
2025-06-06 22:27:56,982 - everli_bot - INFO - [main_execution:655] - Scraping category 16/129 - Banco Gastronomia
2025-06-06 22:28:00,298 - everli_bot - INFO - [main_execution:655] - Scraping category 17/129 - Piatti Pronti Confezionati
2025-06-06 22:28:03,199 - everli_bot - INFO - [main_execution:655] - Scraping category 18/129 - Prosciutto Crudo e Cotto
2025-06-06 22:28:06,064 - everli_bot - INFO - [main_execution:655] - Scraping category 19/129 - Bresaola, Pollo e Tacchino
2025-06-06 22:28:09,336 - everli_bot - INFO - [main_execution:655] - Scraping category 20/129 - Salame e Mortadella
2025-06-06 22:28:12,591 - everli_bot - INFO - [main_execution:655] - Scraping category 21/129 - Speck, Coppa e Pancetta e Altre Specialità
2025-06-06 22:28:16,200 - everli_bot - INFO - [main_execution:655] - Scraping category 22/129 - Tranci, a Cubetti e Snack
2025-06-06 22:28:19,180 - everli_bot - INFO - [main_execution:655] - Scraping category 23/129 - Grana, Parmigiano e Grattugiati
2025-06-06 22:28:22,091 - everli_bot - INFO - [main_execution:655] - Scraping category 24/129 - Mozzarella
2025-06-06 22:28:25,374 - everli_bot - INFO - [main_execution:655] - Scraping category 25/129 - Crescenze, Ricotte e Spalmabili
2025-06-06 22:28:28,577 - everli_bot - INFO - [main_execution:655] - Scraping category 26/129 - Altri Formaggi
2025-06-06 22:28:32,319 - everli_bot - INFO - [main_execution:655] - Scraping category 27/129 - Latte e Bevande Vegetali
2025-06-06 22:28:35,639 - everli_bot - INFO - [main_execution:655] - Scraping category 28/129 - Yogurt
2025-06-06 22:28:39,441 - everli_bot - INFO - [main_execution:655] - Scraping category 29/129 - Burro e Margarina
2025-06-06 22:28:42,544 - everli_bot - INFO - [main_execution:655] - Scraping category 30/129 - Panna, Besciamella e Mascarpone
2025-06-06 22:28:45,242 - everli_bot - INFO - [main_execution:655] - Scraping category 31/129 - Yogurt e Snack Bimbo
2025-06-06 22:28:48,015 - everli_bot - INFO - [main_execution:655] - Scraping category 32/129 - Dessert
2025-06-06 22:28:51,049 - everli_bot - INFO - [main_execution:655] - Scraping category 33/129 - Banco Forno
2025-06-06 22:28:55,495 - everli_bot - INFO - [main_execution:655] - Scraping category 34/129 - Cracker e Sostitutivi
2025-06-06 22:28:58,416 - everli_bot - INFO - [main_execution:655] - Scraping category 35/129 - Pane a Fette
2025-06-06 22:29:01,289 - everli_bot - INFO - [main_execution:655] - Scraping category 36/129 - Piadine
2025-06-06 22:29:04,236 - everli_bot - INFO - [main_execution:655] - Scraping category 37/129 - Pane Confezionato
2025-06-06 22:29:07,344 - everli_bot - INFO - [main_execution:655] - Scraping category 38/129 - Pane Grattugiato
2025-06-06 22:29:09,953 - everli_bot - INFO - [main_execution:655] - Scraping category 39/129 - Pasta Secca
2025-06-06 22:29:14,318 - everli_bot - INFO - [main_execution:655] - Scraping category 40/129 - Pasta Ripiena e Gnocchi
2025-06-06 22:29:18,034 - everli_bot - INFO - [main_execution:655] - Scraping category 41/129 - Riso
2025-06-06 22:29:20,873 - everli_bot - INFO - [main_execution:655] - Scraping category 42/129 - Basi e Sfoglie
2025-06-06 22:29:23,794 - everli_bot - INFO - [main_execution:655] - Scraping category 43/129 - Pasta Fresca
2025-06-06 22:29:26,593 - everli_bot - INFO - [main_execution:655] - Scraping category 44/129 - Farro, Quinoa e Altri Cereali
2025-06-06 22:29:29,282 - everli_bot - INFO - [main_execution:655] - Scraping category 45/129 - Vegetariano
2025-06-06 22:29:32,070 - everli_bot - INFO - [main_execution:655] - Scraping category 46/129 - Vegano
2025-06-06 22:29:35,862 - everli_bot - INFO - [main_execution:655] - Scraping category 47/129 - Pesce e Carne in Scatola
2025-06-06 22:29:39,345 - everli_bot - INFO - [main_execution:655] - Scraping category 48/129 - Olio, Aceto e Sale
2025-06-06 22:29:42,080 - everli_bot - INFO - [main_execution:655] - Scraping category 49/129 - Sughi Pronti
2025-06-06 22:29:45,695 - everli_bot - INFO - [main_execution:655] - Scraping category 50/129 - Pelati e Passate
2025-06-06 22:29:48,311 - everli_bot - INFO - [main_execution:655] - Scraping category 51/129 - Legumi
2025-06-06 22:29:50,973 - everli_bot - INFO - [main_execution:655] - Scraping category 52/129 - Olive, Sottoli e Sottaceti
2025-06-06 22:29:54,634 - everli_bot - INFO - [main_execution:655] - Scraping category 53/129 - Spezie, Dadi e Insaporitori
2025-06-06 22:29:57,419 - everli_bot - INFO - [main_execution:655] - Scraping category 54/129 - Salse e Paté
2025-06-06 22:30:00,816 - everli_bot - INFO - [main_execution:655] - Scraping category 55/129 - Uova
2025-06-06 22:30:03,630 - everli_bot - INFO - [main_execution:655] - Scraping category 56/129 - Farina e Amido
2025-06-06 22:30:06,224 - everli_bot - INFO - [main_execution:655] - Scraping category 57/129 - Preparati per Dolci
2025-06-06 22:30:09,059 - everli_bot - INFO - [main_execution:655] - Scraping category 58/129 - Purè e Polenta
2025-06-06 22:30:12,033 - everli_bot - INFO - [main_execution:655] - Scraping category 59/129 - Lieviti
2025-06-06 22:30:15,219 - everli_bot - INFO - [main_execution:655] - Scraping category 60/129 - Preparati per Pane e Pizze
2025-06-06 22:30:18,058 - everli_bot - INFO - [main_execution:655] - Scraping category 61/129 - Caffè
2025-06-06 22:30:21,345 - everli_bot - INFO - [main_execution:655] - Scraping category 62/129 - Zucchero e Dolcificanti
2025-06-06 22:30:24,392 - everli_bot - INFO - [main_execution:655] - Scraping category 63/129 - Tisane e Camomilla
2025-06-06 22:30:27,331 - everli_bot - INFO - [main_execution:655] - Scraping category 64/129 - Tè
2025-06-06 22:30:30,095 - everli_bot - INFO - [main_execution:655] - Scraping category 65/129 - Orzo
2025-06-06 22:30:33,134 - everli_bot - INFO - [main_execution:655] - Scraping category 66/129 - Biscotti
2025-06-06 22:30:36,969 - everli_bot - INFO - [main_execution:655] - Scraping category 67/129 - Merendine e Torte Confezionate
2025-06-06 22:30:39,844 - everli_bot - INFO - [main_execution:655] - Scraping category 68/129 - Confetture, miele e creme
2025-06-06 22:30:42,790 - everli_bot - INFO - [main_execution:655] - Scraping category 69/129 - Snack Dolci e Barrette
2025-06-06 22:30:45,891 - everli_bot - INFO - [main_execution:655] - Scraping category 70/129 - Cioccolato
2025-06-06 22:30:48,938 - everli_bot - INFO - [main_execution:655] - Scraping category 71/129 - Cereali e Muesli
2025-06-06 22:30:52,010 - everli_bot - INFO - [main_execution:655] - Scraping category 72/129 - Fette Biscottate
2025-06-06 22:30:54,641 - everli_bot - INFO - [main_execution:655] - Scraping category 73/129 - Cacao e Cioccolata in Polvere
2025-06-06 22:30:57,705 - everli_bot - INFO - [main_execution:655] - Scraping category 74/129 - Caramelle e Chewing Gum
2025-06-06 22:31:01,724 - everli_bot - INFO - [main_execution:655] - Scraping category 75/129 - Snack Salati
2025-06-06 22:31:05,498 - everli_bot - INFO - [main_execution:655] - Scraping category 76/129 - Minestroni, Zuppe e Vellutate
2025-06-06 22:31:08,258 - everli_bot - INFO - [main_execution:655] - Scraping category 77/129 - Pesce Surgelato
2025-06-06 22:31:11,203 - everli_bot - INFO - [main_execution:655] - Scraping category 78/129 - Piatti Pronti Surgelati
2025-06-06 22:31:14,262 - everli_bot - INFO - [main_execution:655] - Scraping category 79/129 - Verdure, Legumi e Aromi
2025-06-06 22:31:17,738 - everli_bot - INFO - [main_execution:655] - Scraping category 80/129 - Pizze e Torte Salate
2025-06-06 22:31:23,981 - everli_bot - INFO - [main_execution:655] - Scraping category 81/129 - Gelati
2025-06-06 22:31:27,115 - everli_bot - INFO - [main_execution:655] - Scraping category 82/129 - Acqua
2025-06-06 22:31:29,937 - everli_bot - INFO - [main_execution:655] - Scraping category 83/129 - Bevande Gassate
2025-06-06 22:31:32,638 - everli_bot - INFO - [main_execution:655] - Scraping category 84/129 - Succhi di Frutta e Nettari
2025-06-06 22:31:36,272 - everli_bot - INFO - [main_execution:655] - Scraping category 85/129 - Bevande Piatte
2025-06-06 22:31:39,015 - everli_bot - INFO - [main_execution:655] - Scraping category 86/129 - Frullati e Spremute Fresche 
2025-06-06 22:31:41,933 - everli_bot - INFO - [main_execution:655] - Scraping category 87/129 - Bevande Funzionali
2025-06-06 22:31:44,680 - everli_bot - INFO - [main_execution:655] - Scraping category 88/129 - Vino
2025-06-06 22:31:48,602 - everli_bot - INFO - [main_execution:655] - Scraping category 89/129 - Birra
2025-06-06 22:31:51,435 - everli_bot - INFO - [main_execution:655] - Scraping category 90/129 - Aperitivi
2025-06-06 22:31:54,462 - everli_bot - INFO - [main_execution:655] - Scraping category 91/129 - Grappe, Amari e Sambuche
2025-06-06 22:31:57,350 - everli_bot - INFO - [main_execution:655] - Scraping category 92/129 - Gin, Vodka, Rum e Tequila
2025-06-06 22:32:00,189 - everli_bot - INFO - [main_execution:655] - Scraping category 93/129 - Liquori e Creme
2025-06-06 22:32:03,095 - everli_bot - INFO - [main_execution:655] - Scraping category 94/129 - Whisky, Cognac e Brandy
2025-06-06 22:32:05,716 - everli_bot - INFO - [main_execution:655] - Scraping category 95/129 - Carta Igienica e Fazzoletti
2025-06-06 22:32:08,493 - everli_bot - INFO - [main_execution:655] - Scraping category 96/129 - Corpo
2025-06-06 22:32:11,943 - everli_bot - INFO - [main_execution:655] - Scraping category 97/129 - Assorbenti, Cotone e Bastoncini di Cotone
2025-06-06 22:32:15,678 - everli_bot - INFO - [main_execution:655] - Scraping category 98/129 - Igiene Orale
2025-06-06 22:32:19,091 - everli_bot - INFO - [main_execution:655] - Scraping category 99/129 - Capelli
2025-06-06 22:32:22,397 - everli_bot - INFO - [main_execution:655] - Scraping category 100/129 - Deodoranti
2025-06-06 22:32:25,721 - everli_bot - INFO - [main_execution:655] - Scraping category 101/129 - Viso
2025-06-06 22:32:28,888 - everli_bot - INFO - [main_execution:655] - Scraping category 102/129 - Rasatura ed Epilazione
2025-06-06 22:32:31,864 - everli_bot - INFO - [main_execution:655] - Scraping category 103/129 - Make Up
2025-06-06 22:32:34,746 - everli_bot - INFO - [main_execution:655] - Scraping category 104/129 - Benessere Sessuale
2025-06-06 22:32:37,646 - everli_bot - INFO - [main_execution:655] - Scraping category 105/129 - Cura Persona
2025-06-06 22:32:40,690 - everli_bot - INFO - [main_execution:655] - Scraping category 106/129 - Cura Mani e Piedi
2025-06-06 22:32:43,118 - everli_bot - INFO - [main_execution:655] - Scraping category 107/129 - Integratori e dietetici
2025-06-06 22:32:45,990 - everli_bot - INFO - [main_execution:655] - Scraping category 108/129 - Detersivi Bucato
2025-06-06 22:32:49,466 - everli_bot - INFO - [main_execution:655] - Scraping category 109/129 - Accessori per la Pulizia
2025-06-06 22:32:53,021 - everli_bot - INFO - [main_execution:655] - Scraping category 110/129 - Detersivi Casa
2025-06-06 22:32:56,522 - everli_bot - INFO - [main_execution:655] - Scraping category 111/129 - Piatti e Stoviglie
2025-06-06 22:32:59,366 - everli_bot - INFO - [main_execution:655] - Scraping category 112/129 - Detersivi Bagno
2025-06-06 22:33:02,442 - everli_bot - INFO - [main_execution:655] - Scraping category 113/129 - Insetticidi
2025-06-06 22:33:05,184 - everli_bot - INFO - [main_execution:655] - Scraping category 114/129 - Asciugatutto e Tovaglioli
2025-06-06 22:33:07,986 - everli_bot - INFO - [main_execution:655] - Scraping category 115/129 - Rotoli, Pellicole e Sacchetti
2025-06-06 22:33:11,228 - everli_bot - INFO - [main_execution:655] - Scraping category 116/129 - Profumatori e Candele
2025-06-06 22:33:13,695 - everli_bot - INFO - [main_execution:655] - Scraping category 117/129 - Piatti, Posate e Bicchieri
2025-06-06 22:33:16,386 - everli_bot - INFO - [main_execution:655] - Scraping category 118/129 - Pile, Lampadine e Prese
2025-06-06 22:33:19,240 - everli_bot - INFO - [main_execution:655] - Scraping category 119/129 - Vaschette e Contenitori
2025-06-06 22:33:22,065 - everli_bot - INFO - [main_execution:655] - Scraping category 120/129 - Casalinghi
2025-06-06 22:33:24,773 - everli_bot - INFO - [main_execution:655] - Scraping category 121/129 - Stuzzicadenti e Spiedi
2025-06-06 22:33:30,340 - everli_bot - INFO - [main_execution:655] - Scraping category 122/129 - Pannolini e Salviette
2025-06-06 22:33:32,957 - everli_bot - INFO - [main_execution:655] - Scraping category 123/129 - Alimenti per l'Infanzia
2025-06-06 22:33:35,851 - everli_bot - INFO - [main_execution:655] - Scraping category 124/129 - Igiene e Cura del Bimbo
2025-06-06 22:33:38,900 - everli_bot - INFO - [main_execution:655] - Scraping category 125/129 - Alimenti per Gatti
2025-06-06 22:33:43,067 - everli_bot - INFO - [main_execution:655] - Scraping category 126/129 - Alimenti per Cani
2025-06-06 22:33:46,315 - everli_bot - INFO - [main_execution:655] - Scraping category 127/129 - Lettiere e Deodoranti
2025-06-06 22:33:49,229 - everli_bot - INFO - [main_execution:655] - Scraping category 128/129 - Accessori e Giochi
2025-06-06 22:33:51,837 - everli_bot - INFO - [main_execution:655] - Scraping category 129/129 - Barbecue
2025-06-06 22:33:55,164 - everli_bot - INFO - [main_execution:762] - Appended 2847 products to DataProducts.csv
2025-06-06 22:33:55,164 - everli_bot - INFO - [main_execution:768] - Duration for store 0: 6.85 min
2025-06-06 22:33:55,165 - everli_bot - INFO - [main_execution:614] - Start processing Store 1 - Ipercoop
2025-06-06 22:33:56,086 - everli_bot - INFO - [main_execution:649] - Categories found: 142
2025-06-06 22:33:56,090 - everli_bot - INFO - [main_execution:655] - Scraping category 1/142 - Solari
2025-06-06 22:34:00,682 - everli_bot - INFO - [main_execution:655] - Scraping category 2/142 - Verdura Fresca
2025-06-06 22:34:05,212 - everli_bot - INFO - [main_execution:655] - Scraping category 3/142 - Frutta Fresca
2025-06-06 22:34:09,740 - everli_bot - INFO - [main_execution:655] - Scraping category 4/142 - Insalate e Verdure in Busta
2025-06-06 22:34:13,099 - everli_bot - INFO - [main_execution:655] - Scraping category 5/142 - Frutta Secca e Sciroppata
2025-06-06 22:34:17,333 - everli_bot - INFO - [main_execution:655] - Scraping category 6/142 - Aromi
2025-06-06 22:34:20,172 - everli_bot - INFO - [main_execution:655] - Scraping category 7/142 - Semi e Mix per Insalata
2025-06-06 22:34:23,442 - everli_bot - INFO - [main_execution:655] - Scraping category 8/142 - Pollo e Tacchino
2025-06-06 22:34:28,520 - everli_bot - INFO - [main_execution:655] - Scraping category 9/142 - Manzo e Vitello
2025-06-06 22:34:32,480 - everli_bot - INFO - [main_execution:655] - Scraping category 10/142 - Maiale
2025-06-06 22:34:35,765 - everli_bot - INFO - [main_execution:655] - Scraping category 11/142 - Spiedini, Polpette e Specialità di Carne
2025-06-06 22:34:42,214 - everli_bot - INFO - [main_execution:655] - Scraping category 12/142 - Altre Carni
2025-06-06 22:34:45,561 - everli_bot - INFO - [main_execution:655] - Scraping category 13/142 - Wurstel e Carni Impanate
2025-06-06 22:34:48,672 - everli_bot - INFO - [main_execution:655] - Scraping category 14/142 - Cotechini e Zamponi
2025-06-06 22:34:51,706 - everli_bot - INFO - [main_execution:655] - Scraping category 15/142 - Pesce Fresco
2025-06-06 22:34:55,313 - everli_bot - INFO - [main_execution:655] - Scraping category 16/142 - Specialità di Pesce
2025-06-06 22:34:58,552 - everli_bot - INFO - [main_execution:655] - Scraping category 17/142 - Formaggi da Banco
2025-06-06 22:35:03,838 - everli_bot - INFO - [main_execution:655] - Scraping category 18/142 - Salumi da Banco
2025-06-06 22:35:08,549 - everli_bot - INFO - [main_execution:655] - Scraping category 19/142 - Banco Gastronomia
2025-06-06 22:35:12,670 - everli_bot - INFO - [main_execution:655] - Scraping category 20/142 - Piatti Pronti Confezionati
2025-06-06 22:35:16,875 - everli_bot - INFO - [main_execution:655] - Scraping category 21/142 - Prosciutto Crudo e Cotto
2025-06-06 22:35:20,331 - everli_bot - INFO - [main_execution:655] - Scraping category 22/142 - Bresaola, Pollo e Tacchino
2025-06-06 22:35:23,440 - everli_bot - INFO - [main_execution:655] - Scraping category 23/142 - Salame e Mortadella
2025-06-06 22:35:27,895 - everli_bot - INFO - [main_execution:655] - Scraping category 24/142 - Speck, Coppa e Pancetta e Altre Specialità
2025-06-06 22:35:31,169 - everli_bot - INFO - [main_execution:655] - Scraping category 25/142 - Tranci, a Cubetti e Snack
2025-06-06 22:35:34,799 - everli_bot - INFO - [main_execution:655] - Scraping category 26/142 - Grana, Parmigiano e Grattugiati
2025-06-06 22:35:38,110 - everli_bot - INFO - [main_execution:655] - Scraping category 27/142 - Mozzarella
2025-06-06 22:35:42,382 - everli_bot - INFO - [main_execution:655] - Scraping category 28/142 - Crescenze, Ricotte e Spalmabili
2025-06-06 22:35:46,084 - everli_bot - INFO - [main_execution:655] - Scraping category 29/142 - Altri Formaggi
2025-06-06 22:35:50,301 - everli_bot - INFO - [main_execution:655] - Scraping category 30/142 - Latte e Bevande Vegetali
2025-06-06 22:35:54,536 - everli_bot - INFO - [main_execution:655] - Scraping category 31/142 - Yogurt
2025-06-06 22:35:59,244 - everli_bot - INFO - [main_execution:655] - Scraping category 32/142 - Burro e Margarina
2025-06-06 22:36:02,806 - everli_bot - INFO - [main_execution:655] - Scraping category 33/142 - Panna, Besciamella e Mascarpone
2025-06-06 22:36:06,586 - everli_bot - INFO - [main_execution:655] - Scraping category 34/142 - Yogurt e Snack Bimbo
2025-06-06 22:36:09,726 - everli_bot - INFO - [main_execution:655] - Scraping category 35/142 - Dessert
2025-06-06 22:36:12,970 - everli_bot - INFO - [main_execution:655] - Scraping category 36/142 - Banco Forno
2025-06-06 22:36:17,670 - everli_bot - INFO - [main_execution:655] - Scraping category 37/142 - Cracker e Sostitutivi
2025-06-06 22:36:21,549 - everli_bot - INFO - [main_execution:655] - Scraping category 38/142 - Pane a Fette
2025-06-06 22:36:25,024 - everli_bot - INFO - [main_execution:655] - Scraping category 39/142 - Piadine
2025-06-06 22:36:27,892 - everli_bot - INFO - [main_execution:655] - Scraping category 40/142 - Pane Confezionato
2025-06-06 22:36:31,684 - everli_bot - INFO - [main_execution:655] - Scraping category 41/142 - Pane Grattugiato
2025-06-06 22:36:34,874 - everli_bot - INFO - [main_execution:655] - Scraping category 42/142 - Pasta Secca
2025-06-06 22:36:39,234 - everli_bot - INFO - [main_execution:655] - Scraping category 43/142 - Pasta Ripiena e Gnocchi
2025-06-06 22:36:43,067 - everli_bot - INFO - [main_execution:655] - Scraping category 44/142 - Riso
2025-06-06 22:36:46,716 - everli_bot - INFO - [main_execution:655] - Scraping category 45/142 - Basi e Sfoglie
2025-06-06 22:36:50,109 - everli_bot - INFO - [main_execution:655] - Scraping category 46/142 - Pasta Fresca
2025-06-06 22:36:53,377 - everli_bot - INFO - [main_execution:655] - Scraping category 47/142 - Farro, Quinoa e Altri Cereali
2025-06-06 22:36:57,128 - everli_bot - INFO - [main_execution:655] - Scraping category 48/142 - Vegetariano
2025-06-06 22:37:00,378 - everli_bot - INFO - [main_execution:655] - Scraping category 49/142 - Vegano
2025-06-06 22:37:04,150 - everli_bot - INFO - [main_execution:655] - Scraping category 50/142 - Pesce e Carne in Scatola
2025-06-06 22:37:08,362 - everli_bot - INFO - [main_execution:655] - Scraping category 51/142 - Olio, Aceto e Sale
2025-06-06 22:37:20,777 - everli_bot - INFO - [main_execution:655] - Scraping category 52/142 - Sughi Pronti
2025-06-06 22:37:25,180 - everli_bot - INFO - [main_execution:655] - Scraping category 53/142 - Pelati e Passate
2025-06-06 22:37:28,798 - everli_bot - INFO - [main_execution:655] - Scraping category 54/142 - Legumi
2025-06-06 22:37:33,499 - everli_bot - INFO - [main_execution:655] - Scraping category 55/142 - Olive, Sottoli e Sottaceti
2025-06-06 22:37:37,737 - everli_bot - INFO - [main_execution:655] - Scraping category 56/142 - Spezie, Dadi e Insaporitori
2025-06-06 22:37:41,852 - everli_bot - INFO - [main_execution:655] - Scraping category 57/142 - Salse e Paté
2025-06-06 22:37:45,893 - everli_bot - INFO - [main_execution:655] - Scraping category 58/142 - Prodotti Etnici
2025-06-06 22:37:49,746 - everli_bot - INFO - [main_execution:655] - Scraping category 59/142 - Uova
2025-06-06 22:37:52,773 - everli_bot - INFO - [main_execution:655] - Scraping category 60/142 - Farina e Amido
2025-06-06 22:37:56,503 - everli_bot - INFO - [main_execution:655] - Scraping category 61/142 - Preparati per Dolci
2025-06-06 22:38:00,723 - everli_bot - INFO - [main_execution:655] - Scraping category 62/142 - Purè e Polenta
2025-06-06 22:38:03,726 - everli_bot - INFO - [main_execution:655] - Scraping category 63/142 - Lieviti
2025-06-06 22:38:06,505 - everli_bot - INFO - [main_execution:655] - Scraping category 64/142 - Preparati per Pane e Pizze
2025-06-06 22:38:09,573 - everli_bot - INFO - [main_execution:655] - Scraping category 65/142 - Caffè
2025-06-06 22:38:13,722 - everli_bot - INFO - [main_execution:655] - Scraping category 66/142 - Zucchero e Dolcificanti
2025-06-06 22:38:17,521 - everli_bot - INFO - [main_execution:655] - Scraping category 67/142 - Tisane e Camomilla
2025-06-06 22:38:21,188 - everli_bot - INFO - [main_execution:655] - Scraping category 68/142 - Tè
2025-06-06 22:38:24,227 - everli_bot - INFO - [main_execution:655] - Scraping category 69/142 - Orzo
2025-06-06 22:38:27,209 - everli_bot - INFO - [main_execution:655] - Scraping category 70/142 - Biscotti
2025-06-06 22:38:31,307 - everli_bot - INFO - [main_execution:655] - Scraping category 71/142 - Merendine e Torte Confezionate
2025-06-06 22:38:35,360 - everli_bot - INFO - [main_execution:655] - Scraping category 72/142 - Confetture, miele e creme
2025-06-06 22:38:39,469 - everli_bot - INFO - [main_execution:655] - Scraping category 73/142 - Snack Dolci e Barrette
2025-06-06 22:38:42,893 - everli_bot - INFO - [main_execution:655] - Scraping category 74/142 - Cioccolato
2025-06-06 22:38:46,969 - everli_bot - INFO - [main_execution:655] - Scraping category 75/142 - Cereali e Muesli
2025-06-06 22:38:51,494 - everli_bot - INFO - [main_execution:655] - Scraping category 76/142 - Fette Biscottate
2025-06-06 22:38:54,572 - everli_bot - INFO - [main_execution:655] - Scraping category 77/142 - Cacao e Cioccolata in Polvere
2025-06-06 22:38:57,847 - everli_bot - INFO - [main_execution:655] - Scraping category 78/142 - Caramelle e Chewing Gum
2025-06-06 22:39:01,730 - everli_bot - INFO - [main_execution:655] - Scraping category 79/142 - Snack Salati
2025-06-06 22:39:06,111 - everli_bot - INFO - [main_execution:655] - Scraping category 80/142 - Minestroni, Zuppe e Vellutate
2025-06-06 22:39:09,908 - everli_bot - INFO - [main_execution:655] - Scraping category 81/142 - Pesce Surgelato
2025-06-06 22:39:14,323 - everli_bot - INFO - [main_execution:655] - Scraping category 82/142 - Piatti Pronti Surgelati
2025-06-06 22:39:19,357 - everli_bot - INFO - [main_execution:655] - Scraping category 83/142 - Verdure, Legumi e Aromi
2025-06-06 22:39:22,884 - everli_bot - INFO - [main_execution:655] - Scraping category 84/142 - Pizze e Torte Salate
2025-06-06 22:39:26,467 - everli_bot - INFO - [main_execution:655] - Scraping category 85/142 - Gelati
2025-06-06 22:39:31,970 - everli_bot - INFO - [main_execution:655] - Scraping category 86/142 - Pane e Brioches
2025-06-06 22:39:34,759 - everli_bot - INFO - [main_execution:655] - Scraping category 87/142 - Acqua
2025-06-06 22:39:38,603 - everli_bot - INFO - [main_execution:655] - Scraping category 88/142 - Bevande Gassate
2025-06-06 22:39:43,185 - everli_bot - INFO - [main_execution:655] - Scraping category 89/142 - Succhi di Frutta e Nettari
2025-06-06 22:39:47,035 - everli_bot - INFO - [main_execution:655] - Scraping category 90/142 - Bevande Piatte
2025-06-06 22:39:51,074 - everli_bot - INFO - [main_execution:655] - Scraping category 91/142 - Frullati e Spremute Fresche 
2025-06-06 22:39:53,901 - everli_bot - INFO - [main_execution:655] - Scraping category 92/142 - Bevande Funzionali
2025-06-06 22:39:56,930 - everli_bot - INFO - [main_execution:655] - Scraping category 93/142 - Vino
2025-06-06 22:40:02,054 - everli_bot - INFO - [main_execution:655] - Scraping category 94/142 - Birra
2025-06-06 22:40:06,743 - everli_bot - INFO - [main_execution:655] - Scraping category 95/142 - Aperitivi
2025-06-06 22:40:11,194 - everli_bot - INFO - [main_execution:655] - Scraping category 96/142 - Grappe, Amari e Sambuche
2025-06-06 22:40:14,388 - everli_bot - INFO - [main_execution:655] - Scraping category 97/142 - Gin, Vodka, Rum e Tequila
2025-06-06 22:40:18,237 - everli_bot - INFO - [main_execution:655] - Scraping category 98/142 - Liquori e Creme
2025-06-06 22:40:21,613 - everli_bot - INFO - [main_execution:655] - Scraping category 99/142 - Whisky, Cognac e Brandy
2025-06-06 22:40:24,754 - everli_bot - INFO - [main_execution:655] - Scraping category 100/142 - Carta Igienica e Fazzoletti
2025-06-06 22:40:28,510 - everli_bot - INFO - [main_execution:655] - Scraping category 101/142 - Corpo
2025-06-06 22:40:34,635 - everli_bot - INFO - [main_execution:655] - Scraping category 102/142 - Assorbenti, Cotone e Bastoncini di Cotone
2025-06-06 22:40:38,479 - everli_bot - INFO - [main_execution:655] - Scraping category 103/142 - Igiene Orale
2025-06-06 22:40:42,768 - everli_bot - INFO - [main_execution:655] - Scraping category 104/142 - Capelli
2025-06-06 22:40:46,757 - everli_bot - INFO - [main_execution:655] - Scraping category 105/142 - Deodoranti
2025-06-06 22:40:50,761 - everli_bot - INFO - [main_execution:655] - Scraping category 106/142 - Viso
2025-06-06 22:40:54,370 - everli_bot - INFO - [main_execution:655] - Scraping category 107/142 - Rasatura ed Epilazione
2025-06-06 22:40:58,395 - everli_bot - INFO - [main_execution:655] - Scraping category 108/142 - Make Up
2025-06-06 22:41:01,878 - everli_bot - INFO - [main_execution:655] - Scraping category 109/142 - Benessere Sessuale
2025-06-06 22:41:05,505 - everli_bot - INFO - [main_execution:655] - Scraping category 110/142 - Cura Persona
2025-06-06 22:41:11,237 - everli_bot - INFO - [main_execution:655] - Scraping category 111/142 - Cura Mani e Piedi
2025-06-06 22:41:14,983 - everli_bot - INFO - [main_execution:655] - Scraping category 112/142 - Integratori e dietetici
2025-06-06 22:41:19,457 - everli_bot - INFO - [main_execution:655] - Scraping category 113/142 - Detersivi Bucato
2025-06-06 22:41:30,745 - everli_bot - INFO - [main_execution:655] - Scraping category 114/142 - Accessori per la Pulizia
2025-06-06 22:41:34,636 - everli_bot - INFO - [main_execution:655] - Scraping category 115/142 - Detersivi Casa
2025-06-06 22:41:39,119 - everli_bot - INFO - [main_execution:655] - Scraping category 116/142 - Piatti e Stoviglie
2025-06-06 22:41:44,455 - everli_bot - INFO - [main_execution:655] - Scraping category 117/142 - Detersivi Bagno
2025-06-06 22:41:49,019 - everli_bot - INFO - [main_execution:655] - Scraping category 118/142 - Insetticidi
2025-06-06 22:41:53,174 - everli_bot - INFO - [main_execution:655] - Scraping category 119/142 - Stiraggio
2025-06-06 22:41:56,263 - everli_bot - INFO - [main_execution:655] - Scraping category 120/142 - Asciugatutto e Tovaglioli
2025-06-06 22:42:00,034 - everli_bot - INFO - [main_execution:655] - Scraping category 121/142 - Rotoli, Pellicole e Sacchetti
2025-06-06 22:42:02,924 - everli_bot - INFO - [main_execution:655] - Scraping category 122/142 - Profumatori e Candele
2025-06-06 22:42:08,004 - everli_bot - INFO - [main_execution:655] - Scraping category 123/142 - Piatti, Posate e Bicchieri
2025-06-06 22:42:11,575 - everli_bot - INFO - [main_execution:655] - Scraping category 124/142 - Vaschette e Contenitori
2025-06-06 22:42:15,268 - everli_bot - INFO - [main_execution:655] - Scraping category 125/142 - Casalinghi
2025-06-06 22:42:20,305 - everli_bot - INFO - [main_execution:655] - Scraping category 126/142 - Stuzzicadenti e Spiedi
2025-06-06 22:42:23,121 - everli_bot - INFO - [main_execution:655] - Scraping category 127/142 - Varie
2025-06-06 22:42:25,975 - everli_bot - INFO - [main_execution:655] - Scraping category 128/142 - Pannolini e Salviette
2025-06-06 22:42:29,797 - everli_bot - INFO - [main_execution:655] - Scraping category 129/142 - Alimenti per l'Infanzia
2025-06-06 22:42:33,797 - everli_bot - INFO - [main_execution:655] - Scraping category 130/142 - Igiene e Cura del Bimbo
2025-06-06 22:42:37,323 - everli_bot - INFO - [main_execution:655] - Scraping category 131/142 - Alimenti per Gatti
2025-06-06 22:42:41,034 - everli_bot - INFO - [main_execution:655] - Scraping category 132/142 - Alimenti per Cani
2025-06-06 22:42:46,199 - everli_bot - INFO - [main_execution:655] - Scraping category 133/142 - Lettiere e Deodoranti
2025-06-06 22:42:49,250 - everli_bot - INFO - [main_execution:655] - Scraping category 134/142 - Accessori e Giochi
2025-06-06 22:42:52,944 - everli_bot - INFO - [main_execution:655] - Scraping category 135/142 - Alimenti per Piccoli Animali
2025-06-06 22:42:56,646 - everli_bot - INFO - [main_execution:655] - Scraping category 136/142 - Antiparassitari
2025-06-06 22:43:00,310 - everli_bot - INFO - [main_execution:655] - Scraping category 137/142 - Fai da Te
2025-06-06 22:43:03,126 - everli_bot - INFO - [main_execution:655] - Scraping category 138/142 - Igiene Corpo Bimbo
2025-06-06 22:43:06,110 - everli_bot - INFO - [main_execution:655] - Scraping category 139/142 - Carta, Quaderni e Accessori
2025-06-06 22:43:11,465 - everli_bot - INFO - [main_execution:655] - Scraping category 140/142 - Penne, Matite ed Evidenziatori
2025-06-06 22:43:15,073 - everli_bot - INFO - [main_execution:655] - Scraping category 141/142 - Contenitori, Buste e Raccoglitori
2025-06-06 22:43:19,926 - everli_bot - INFO - [main_execution:655] - Scraping category 142/142 - Accessori Media
2025-06-06 22:43:22,759 - everli_bot - INFO - [main_execution:762] - Appended 9443 products to DataProducts.csv
2025-06-06 22:43:22,759 - everli_bot - INFO - [main_execution:768] - Duration for store 1: 9.46 min
2025-06-06 22:43:22,761 - everli_bot - INFO - [main_execution:614] - Start processing Store 2 - Coop
2025-06-06 22:43:23,768 - everli_bot - INFO - [main_execution:649] - Categories found: 140
2025-06-06 22:43:23,777 - everli_bot - INFO - [main_execution:655] - Scraping category 1/140 - Solari
2025-06-06 22:43:29,972 - everli_bot - INFO - [main_execution:655] - Scraping category 2/140 - Verdura Fresca
2025-06-06 22:43:36,955 - everli_bot - INFO - [main_execution:655] - Scraping category 3/140 - Frutta Fresca
2025-06-06 22:43:42,143 - everli_bot - INFO - [main_execution:655] - Scraping category 4/140 - Insalate e Verdure in Busta
2025-06-06 22:43:46,850 - everli_bot - INFO - [main_execution:655] - Scraping category 5/140 - Frutta Secca e Sciroppata
2025-06-06 22:43:51,059 - everli_bot - INFO - [main_execution:655] - Scraping category 6/140 - Aromi
2025-06-06 22:43:54,343 - everli_bot - INFO - [main_execution:655] - Scraping category 7/140 - Semi e Mix per Insalata
2025-06-06 22:43:57,264 - everli_bot - INFO - [main_execution:655] - Scraping category 8/140 - Pollo e Tacchino
2025-06-06 22:44:03,254 - everli_bot - INFO - [main_execution:655] - Scraping category 9/140 - Manzo e Vitello
2025-06-06 22:44:07,547 - everli_bot - INFO - [main_execution:655] - Scraping category 10/140 - Maiale
2025-06-06 22:44:10,390 - everli_bot - INFO - [main_execution:655] - Scraping category 11/140 - Spiedini, Polpette e Specialità di Carne
2025-06-06 22:44:14,225 - everli_bot - INFO - [main_execution:655] - Scraping category 12/140 - Altre Carni
2025-06-06 22:44:16,939 - everli_bot - INFO - [main_execution:655] - Scraping category 13/140 - Wurstel e Carni Impanate
2025-06-06 22:44:19,645 - everli_bot - INFO - [main_execution:655] - Scraping category 14/140 - Cotechini e Zamponi
2025-06-06 22:44:22,348 - everli_bot - INFO - [main_execution:655] - Scraping category 15/140 - Pesce Fresco
2025-06-06 22:44:25,879 - everli_bot - INFO - [main_execution:655] - Scraping category 16/140 - Specialità di Pesce
2025-06-06 22:44:28,933 - everli_bot - INFO - [main_execution:655] - Scraping category 17/140 - Formaggi da Banco
2025-06-06 22:44:32,905 - everli_bot - INFO - [main_execution:655] - Scraping category 18/140 - Salumi da Banco
2025-06-06 22:44:37,244 - everli_bot - INFO - [main_execution:655] - Scraping category 19/140 - Banco Gastronomia
2025-06-06 22:44:41,334 - everli_bot - INFO - [main_execution:655] - Scraping category 20/140 - Piatti Pronti Confezionati
2025-06-06 22:44:45,194 - everli_bot - INFO - [main_execution:655] - Scraping category 21/140 - Prosciutto Crudo e Cotto
2025-06-06 22:44:48,655 - everli_bot - INFO - [main_execution:655] - Scraping category 22/140 - Bresaola, Pollo e Tacchino
2025-06-06 22:44:51,907 - everli_bot - INFO - [main_execution:655] - Scraping category 23/140 - Salame e Mortadella
2025-06-06 22:44:56,260 - everli_bot - INFO - [main_execution:655] - Scraping category 24/140 - Speck, Coppa e Pancetta e Altre Specialità
2025-06-06 22:44:59,094 - everli_bot - INFO - [main_execution:655] - Scraping category 25/140 - Tranci, a Cubetti e Snack
2025-06-06 22:45:02,238 - everli_bot - INFO - [main_execution:655] - Scraping category 26/140 - Grana, Parmigiano e Grattugiati
2025-06-06 22:45:05,916 - everli_bot - INFO - [main_execution:655] - Scraping category 27/140 - Mozzarella
2025-06-06 22:45:08,970 - everli_bot - INFO - [main_execution:655] - Scraping category 28/140 - Crescenze, Ricotte e Spalmabili
2025-06-06 22:45:13,135 - everli_bot - INFO - [main_execution:655] - Scraping category 29/140 - Altri Formaggi
2025-06-06 22:45:17,496 - everli_bot - INFO - [main_execution:655] - Scraping category 30/140 - Latte e Bevande Vegetali
2025-06-06 22:45:21,989 - everli_bot - INFO - [main_execution:655] - Scraping category 31/140 - Yogurt
2025-06-06 22:45:28,069 - everli_bot - INFO - [main_execution:655] - Scraping category 32/140 - Burro e Margarina
2025-06-06 22:45:31,666 - everli_bot - INFO - [main_execution:655] - Scraping category 33/140 - Panna, Besciamella e Mascarpone
2025-06-06 22:45:35,100 - everli_bot - INFO - [main_execution:655] - Scraping category 34/140 - Yogurt e Snack Bimbo
2025-06-06 22:45:38,078 - everli_bot - INFO - [main_execution:655] - Scraping category 35/140 - Dessert
2025-06-06 22:45:41,901 - everli_bot - INFO - [main_execution:655] - Scraping category 36/140 - Banco Forno
2025-06-06 22:45:46,847 - everli_bot - INFO - [main_execution:655] - Scraping category 37/140 - Cracker e Sostitutivi
2025-06-06 22:45:50,504 - everli_bot - INFO - [main_execution:655] - Scraping category 38/140 - Pane a Fette
2025-06-06 22:45:54,568 - everli_bot - INFO - [main_execution:655] - Scraping category 39/140 - Piadine
2025-06-06 22:45:57,778 - everli_bot - INFO - [main_execution:655] - Scraping category 40/140 - Pane Confezionato
2025-06-06 22:46:01,725 - everli_bot - INFO - [main_execution:655] - Scraping category 41/140 - Pane Grattugiato
2025-06-06 22:46:05,609 - everli_bot - INFO - [main_execution:655] - Scraping category 42/140 - Pasta Secca
2025-06-06 22:46:10,861 - everli_bot - INFO - [main_execution:655] - Scraping category 43/140 - Pasta Ripiena e Gnocchi
2025-06-06 22:46:14,572 - everli_bot - INFO - [main_execution:655] - Scraping category 44/140 - Riso
2025-06-06 22:46:18,240 - everli_bot - INFO - [main_execution:655] - Scraping category 45/140 - Basi e Sfoglie
2025-06-06 22:46:21,618 - everli_bot - INFO - [main_execution:655] - Scraping category 46/140 - Pasta Fresca
2025-06-06 22:46:25,633 - everli_bot - INFO - [main_execution:655] - Scraping category 47/140 - Farro, Quinoa e Altri Cereali
2025-06-06 22:46:29,586 - everli_bot - INFO - [main_execution:655] - Scraping category 48/140 - Vegetariano
2025-06-06 22:46:33,413 - everli_bot - INFO - [main_execution:655] - Scraping category 49/140 - Vegano
2025-06-06 22:46:37,041 - everli_bot - INFO - [main_execution:655] - Scraping category 50/140 - Pesce e Carne in Scatola
2025-06-06 22:46:40,988 - everli_bot - INFO - [main_execution:655] - Scraping category 51/140 - Olio, Aceto e Sale
2025-06-06 22:46:45,166 - everli_bot - INFO - [main_execution:655] - Scraping category 52/140 - Sughi Pronti
2025-06-06 22:46:49,041 - everli_bot - INFO - [main_execution:655] - Scraping category 53/140 - Pelati e Passate
2025-06-06 22:46:52,660 - everli_bot - INFO - [main_execution:655] - Scraping category 54/140 - Legumi
2025-06-06 22:46:56,075 - everli_bot - INFO - [main_execution:655] - Scraping category 55/140 - Olive, Sottoli e Sottaceti
2025-06-06 22:47:00,428 - everli_bot - INFO - [main_execution:655] - Scraping category 56/140 - Spezie, Dadi e Insaporitori
2025-06-06 22:47:04,537 - everli_bot - INFO - [main_execution:655] - Scraping category 57/140 - Salse e Paté
2025-06-06 22:47:08,559 - everli_bot - INFO - [main_execution:655] - Scraping category 58/140 - Prodotti Etnici
2025-06-06 22:47:12,645 - everli_bot - INFO - [main_execution:655] - Scraping category 59/140 - Uova
2025-06-06 22:47:15,415 - everli_bot - INFO - [main_execution:655] - Scraping category 60/140 - Farina e Amido
2025-06-06 22:47:19,553 - everli_bot - INFO - [main_execution:655] - Scraping category 61/140 - Preparati per Dolci
2025-06-06 22:47:22,846 - everli_bot - INFO - [main_execution:655] - Scraping category 62/140 - Purè e Polenta
2025-06-06 22:47:25,923 - everli_bot - INFO - [main_execution:655] - Scraping category 63/140 - Lieviti
2025-06-06 22:47:29,263 - everli_bot - INFO - [main_execution:655] - Scraping category 64/140 - Preparati per Pane e Pizze
2025-06-06 22:47:32,798 - everli_bot - INFO - [main_execution:655] - Scraping category 65/140 - Caffè
2025-06-06 22:47:38,746 - everli_bot - INFO - [main_execution:655] - Scraping category 66/140 - Zucchero e Dolcificanti
2025-06-06 22:47:45,085 - everli_bot - INFO - [main_execution:655] - Scraping category 67/140 - Tisane e Camomilla
2025-06-06 22:47:51,155 - everli_bot - INFO - [main_execution:655] - Scraping category 68/140 - Tè
2025-06-06 22:47:57,406 - everli_bot - INFO - [main_execution:655] - Scraping category 69/140 - Orzo
2025-06-06 22:48:00,348 - everli_bot - INFO - [main_execution:655] - Scraping category 70/140 - Biscotti
2025-06-06 22:48:04,358 - everli_bot - INFO - [main_execution:655] - Scraping category 71/140 - Merendine e Torte Confezionate
2025-06-06 22:48:08,476 - everli_bot - INFO - [main_execution:655] - Scraping category 72/140 - Confetture, miele e creme
2025-06-06 22:48:12,512 - everli_bot - INFO - [main_execution:655] - Scraping category 73/140 - Snack Dolci e Barrette
2025-06-06 22:48:17,337 - everli_bot - INFO - [main_execution:655] - Scraping category 74/140 - Cioccolato
2025-06-06 22:48:21,253 - everli_bot - INFO - [main_execution:655] - Scraping category 75/140 - Cereali e Muesli
2025-06-06 22:48:25,397 - everli_bot - INFO - [main_execution:655] - Scraping category 76/140 - Fette Biscottate
2025-06-06 22:48:28,533 - everli_bot - INFO - [main_execution:655] - Scraping category 77/140 - Cacao e Cioccolata in Polvere
2025-06-06 22:48:31,194 - everli_bot - INFO - [main_execution:655] - Scraping category 78/140 - Caramelle e Chewing Gum
2025-06-06 22:48:36,370 - everli_bot - INFO - [main_execution:655] - Scraping category 79/140 - Snack Salati
2025-06-06 22:48:39,961 - everli_bot - INFO - [main_execution:655] - Scraping category 80/140 - Minestroni, Zuppe e Vellutate
2025-06-06 22:48:42,999 - everli_bot - INFO - [main_execution:655] - Scraping category 81/140 - Pesce Surgelato
2025-06-06 22:48:47,849 - everli_bot - INFO - [main_execution:655] - Scraping category 82/140 - Piatti Pronti Surgelati
2025-06-06 22:48:51,676 - everli_bot - INFO - [main_execution:655] - Scraping category 83/140 - Verdure, Legumi e Aromi
2025-06-06 22:48:56,852 - everli_bot - INFO - [main_execution:655] - Scraping category 84/140 - Pizze e Torte Salate
2025-06-06 22:49:00,451 - everli_bot - INFO - [main_execution:655] - Scraping category 85/140 - Gelati
2025-06-06 22:49:04,591 - everli_bot - INFO - [main_execution:655] - Scraping category 86/140 - Pane e Brioches
2025-06-06 22:49:07,274 - everli_bot - INFO - [main_execution:655] - Scraping category 87/140 - Acqua
2025-06-06 22:49:10,220 - everli_bot - INFO - [main_execution:655] - Scraping category 88/140 - Bevande Gassate
2025-06-06 22:49:19,147 - everli_bot - INFO - [main_execution:655] - Scraping category 89/140 - Succhi di Frutta e Nettari
2025-06-06 22:49:24,437 - everli_bot - INFO - [main_execution:655] - Scraping category 90/140 - Bevande Piatte
2025-06-06 22:49:28,249 - everli_bot - INFO - [main_execution:655] - Scraping category 91/140 - Frullati e Spremute Fresche 
2025-06-06 22:49:32,917 - everli_bot - INFO - [main_execution:655] - Scraping category 92/140 - Bevande Funzionali
2025-06-06 22:49:42,686 - everli_bot - INFO - [main_execution:655] - Scraping category 93/140 - Vino
2025-06-06 22:49:49,713 - everli_bot - INFO - [main_execution:655] - Scraping category 94/140 - Birra
2025-06-06 22:49:53,226 - everli_bot - INFO - [main_execution:655] - Scraping category 95/140 - Aperitivi
2025-06-06 22:49:56,446 - everli_bot - INFO - [main_execution:655] - Scraping category 96/140 - Grappe, Amari e Sambuche
2025-06-06 22:49:59,567 - everli_bot - INFO - [main_execution:655] - Scraping category 97/140 - Gin, Vodka, Rum e Tequila
2025-06-06 22:50:03,793 - everli_bot - INFO - [main_execution:655] - Scraping category 98/140 - Liquori e Creme
2025-06-06 22:50:07,189 - everli_bot - INFO - [main_execution:655] - Scraping category 99/140 - Whisky, Cognac e Brandy
2025-06-06 22:50:10,152 - everli_bot - INFO - [main_execution:655] - Scraping category 100/140 - Carta Igienica e Fazzoletti
2025-06-06 22:50:16,211 - everli_bot - INFO - [main_execution:655] - Scraping category 101/140 - Corpo
2025-06-06 22:50:20,215 - everli_bot - INFO - [main_execution:655] - Scraping category 102/140 - Assorbenti, Cotone e Bastoncini di Cotone
2025-06-06 22:50:43,997 - everli_bot - INFO - [main_execution:655] - Scraping category 103/140 - Igiene Orale
2025-06-06 22:50:48,457 - everli_bot - INFO - [main_execution:655] - Scraping category 104/140 - Capelli
2025-06-06 22:51:00,055 - everli_bot - INFO - [main_execution:655] - Scraping category 105/140 - Deodoranti
2025-06-06 22:51:05,416 - everli_bot - INFO - [main_execution:655] - Scraping category 106/140 - Viso
2025-06-06 22:51:09,595 - everli_bot - INFO - [main_execution:655] - Scraping category 107/140 - Rasatura ed Epilazione
2025-06-06 22:51:14,469 - everli_bot - INFO - [main_execution:655] - Scraping category 108/140 - Make Up
2025-06-06 22:51:23,780 - everli_bot - INFO - [main_execution:655] - Scraping category 109/140 - Benessere Sessuale
2025-06-06 22:51:27,512 - everli_bot - INFO - [main_execution:655] - Scraping category 110/140 - Cura Persona
2025-06-06 22:51:31,512 - everli_bot - INFO - [main_execution:655] - Scraping category 111/140 - Cura Mani e Piedi
2025-06-06 22:51:35,207 - everli_bot - INFO - [main_execution:655] - Scraping category 112/140 - Integratori e dietetici
2025-06-06 22:51:40,071 - everli_bot - INFO - [main_execution:655] - Scraping category 113/140 - Detersivi Bucato
2025-06-06 22:51:44,073 - everli_bot - INFO - [main_execution:655] - Scraping category 114/140 - Accessori per la Pulizia
2025-06-06 22:51:48,208 - everli_bot - INFO - [main_execution:655] - Scraping category 115/140 - Detersivi Casa
2025-06-06 22:51:53,451 - everli_bot - INFO - [main_execution:655] - Scraping category 116/140 - Piatti e Stoviglie
2025-06-06 22:51:57,782 - everli_bot - INFO - [main_execution:655] - Scraping category 117/140 - Detersivi Bagno
2025-06-06 22:52:02,631 - everli_bot - INFO - [main_execution:655] - Scraping category 118/140 - Insetticidi
2025-06-06 22:52:08,508 - everli_bot - INFO - [main_execution:655] - Scraping category 119/140 - Stiraggio
2025-06-06 22:52:11,487 - everli_bot - INFO - [main_execution:655] - Scraping category 120/140 - Asciugatutto e Tovaglioli
2025-06-06 22:52:17,900 - everli_bot - INFO - [main_execution:655] - Scraping category 121/140 - Rotoli, Pellicole e Sacchetti
2025-06-06 22:52:21,103 - everli_bot - INFO - [main_execution:655] - Scraping category 122/140 - Profumatori e Candele
2025-06-06 22:52:24,749 - everli_bot - INFO - [main_execution:655] - Scraping category 123/140 - Piatti, Posate e Bicchieri
2025-06-06 22:52:28,135 - everli_bot - INFO - [main_execution:655] - Scraping category 124/140 - Vaschette e Contenitori
2025-06-06 22:52:32,371 - everli_bot - INFO - [main_execution:655] - Scraping category 125/140 - Casalinghi
2025-06-06 22:52:36,354 - everli_bot - INFO - [main_execution:655] - Scraping category 126/140 - Stuzzicadenti e Spiedi
2025-06-06 22:52:38,876 - everli_bot - INFO - [main_execution:655] - Scraping category 127/140 - Varie
2025-06-06 22:52:41,802 - everli_bot - INFO - [main_execution:655] - Scraping category 128/140 - Pannolini e Salviette
2025-06-06 22:52:46,293 - everli_bot - INFO - [main_execution:655] - Scraping category 129/140 - Alimenti per l'Infanzia
2025-06-06 22:52:52,222 - everli_bot - INFO - [main_execution:655] - Scraping category 130/140 - Igiene e Cura del Bimbo
2025-06-06 22:52:55,539 - everli_bot - INFO - [main_execution:655] - Scraping category 131/140 - Alimenti per Gatti
2025-06-06 22:53:03,653 - everli_bot - INFO - [main_execution:655] - Scraping category 132/140 - Alimenti per Cani
2025-06-06 22:53:08,665 - everli_bot - INFO - [main_execution:655] - Scraping category 133/140 - Lettiere e Deodoranti
2025-06-06 22:53:20,594 - everli_bot - INFO - [main_execution:655] - Scraping category 134/140 - Accessori e Giochi
2025-06-06 22:53:24,649 - everli_bot - INFO - [main_execution:655] - Scraping category 135/140 - Alimenti per Piccoli Animali
2025-06-06 22:53:31,496 - everli_bot - INFO - [main_execution:655] - Scraping category 136/140 - Antiparassitari
2025-06-06 22:53:34,626 - everli_bot - INFO - [main_execution:655] - Scraping category 137/140 - Igiene Corpo Bimbo
2025-06-06 22:53:37,823 - everli_bot - INFO - [main_execution:655] - Scraping category 138/140 - Carta, Quaderni e Accessori
2025-06-06 22:53:41,219 - everli_bot - INFO - [main_execution:655] - Scraping category 139/140 - Penne, Matite ed Evidenziatori
2025-06-06 22:53:45,446 - everli_bot - INFO - [main_execution:655] - Scraping category 140/140 - Contenitori, Buste e Raccoglitori
2025-06-06 22:53:49,049 - everli_bot - INFO - [main_execution:762] - Appended 8380 products to DataProducts.csv
2025-06-06 22:53:49,050 - everli_bot - INFO - [main_execution:768] - Duration for store 2: 10.44 min
2025-06-06 22:53:49,051 - everli_bot - INFO - [main_execution:614] - Start processing Store 3 - Carrefour Market
2025-06-06 22:53:51,831 - everli_bot - INFO - [main_execution:649] - Categories found: 148
2025-06-06 22:53:51,838 - everli_bot - INFO - [main_execution:655] - Scraping category 1/148 - Solari
2025-06-06 22:53:59,324 - everli_bot - INFO - [main_execution:655] - Scraping category 2/148 - Verdura Fresca
2025-06-06 22:54:09,502 - everli_bot - INFO - [main_execution:655] - Scraping category 3/148 - Frutta Fresca
2025-06-06 22:54:19,344 - everli_bot - INFO - [main_execution:655] - Scraping category 4/148 - Insalate e Verdure in Busta
2025-06-06 22:54:29,470 - everli_bot - INFO - [main_execution:655] - Scraping category 5/148 - Frutta Secca e Sciroppata
2025-06-06 22:54:36,029 - everli_bot - INFO - [main_execution:655] - Scraping category 6/148 - Aromi
2025-06-06 22:54:41,185 - everli_bot - INFO - [main_execution:655] - Scraping category 7/148 - Semi e Mix per Insalata
2025-06-06 22:54:47,794 - everli_bot - INFO - [main_execution:655] - Scraping category 8/148 - Pollo e Tacchino
2025-06-06 22:54:56,257 - everli_bot - INFO - [main_execution:655] - Scraping category 9/148 - Manzo e Vitello
2025-06-06 22:55:01,335 - everli_bot - INFO - [main_execution:655] - Scraping category 10/148 - Maiale
2025-06-06 22:55:04,822 - everli_bot - INFO - [main_execution:655] - Scraping category 11/148 - Spiedini, Polpette e Specialità di Carne
2025-06-06 22:55:08,518 - everli_bot - INFO - [main_execution:655] - Scraping category 12/148 - Altre Carni
2025-06-06 22:55:11,675 - everli_bot - INFO - [main_execution:655] - Scraping category 13/148 - Wurstel e Carni Impanate
2025-06-06 22:55:15,928 - everli_bot - INFO - [main_execution:655] - Scraping category 14/148 - Cotechini e Zamponi
2025-06-06 22:55:19,767 - everli_bot - INFO - [main_execution:655] - Scraping category 15/148 - Pesce Fresco
2025-06-06 22:55:23,759 - everli_bot - INFO - [main_execution:655] - Scraping category 16/148 - Specialità di Pesce
2025-06-06 22:55:28,937 - everli_bot - INFO - [main_execution:655] - Scraping category 17/148 - Formaggi da Banco
2025-06-06 22:55:33,208 - everli_bot - INFO - [main_execution:655] - Scraping category 18/148 - Salumi da Banco
2025-06-06 22:55:37,248 - everli_bot - INFO - [main_execution:655] - Scraping category 19/148 - Banco Gastronomia
2025-06-06 22:55:42,028 - everli_bot - INFO - [main_execution:655] - Scraping category 20/148 - Piatti Pronti Confezionati
2025-06-06 22:55:47,269 - everli_bot - INFO - [main_execution:655] - Scraping category 21/148 - Prosciutto Crudo e Cotto
2025-06-06 22:55:50,579 - everli_bot - INFO - [main_execution:655] - Scraping category 22/148 - Bresaola, Pollo e Tacchino
2025-06-06 22:55:54,713 - everli_bot - INFO - [main_execution:655] - Scraping category 23/148 - Salame e Mortadella
2025-06-06 22:55:59,487 - everli_bot - INFO - [main_execution:655] - Scraping category 24/148 - Speck, Coppa e Pancetta e Altre Specialità
2025-06-06 22:56:02,483 - everli_bot - INFO - [main_execution:655] - Scraping category 25/148 - Tranci, a Cubetti e Snack
2025-06-06 22:56:05,412 - everli_bot - INFO - [main_execution:655] - Scraping category 26/148 - Grana, Parmigiano e Grattugiati
2025-06-06 22:56:08,889 - everli_bot - INFO - [main_execution:655] - Scraping category 27/148 - Mozzarella
2025-06-06 22:56:12,039 - everli_bot - INFO - [main_execution:655] - Scraping category 28/148 - Crescenze, Ricotte e Spalmabili
2025-06-06 22:56:15,556 - everli_bot - INFO - [main_execution:655] - Scraping category 29/148 - Altri Formaggi
2025-06-06 22:56:21,561 - everli_bot - INFO - [main_execution:655] - Scraping category 30/148 - Latte e Bevande Vegetali
2025-06-06 22:56:25,664 - everli_bot - INFO - [main_execution:655] - Scraping category 31/148 - Yogurt
2025-06-06 22:56:30,148 - everli_bot - INFO - [main_execution:655] - Scraping category 32/148 - Burro e Margarina
2025-06-06 22:56:33,825 - everli_bot - INFO - [main_execution:655] - Scraping category 33/148 - Panna, Besciamella e Mascarpone
2025-06-06 22:56:37,260 - everli_bot - INFO - [main_execution:655] - Scraping category 34/148 - Yogurt e Snack Bimbo
2025-06-06 22:56:40,311 - everli_bot - INFO - [main_execution:655] - Scraping category 35/148 - Dessert
2025-06-06 22:56:43,860 - everli_bot - INFO - [main_execution:655] - Scraping category 36/148 - Banco Forno
2025-06-06 22:56:48,074 - everli_bot - INFO - [main_execution:655] - Scraping category 37/148 - Cracker e Sostitutivi
2025-06-06 22:56:51,928 - everli_bot - INFO - [main_execution:655] - Scraping category 38/148 - Pane a Fette
2025-06-06 22:56:54,830 - everli_bot - INFO - [main_execution:655] - Scraping category 39/148 - Piadine
2025-06-06 22:56:57,577 - everli_bot - INFO - [main_execution:655] - Scraping category 40/148 - Pane Confezionato
2025-06-06 22:57:01,046 - everli_bot - INFO - [main_execution:655] - Scraping category 41/148 - Pane Grattugiato
2025-06-06 22:57:04,157 - everli_bot - INFO - [main_execution:655] - Scraping category 42/148 - Pasta Secca
2025-06-06 22:57:10,014 - everli_bot - INFO - [main_execution:655] - Scraping category 43/148 - Pasta Ripiena e Gnocchi
2025-06-06 22:57:13,738 - everli_bot - INFO - [main_execution:655] - Scraping category 44/148 - Riso
2025-06-06 22:57:17,309 - everli_bot - INFO - [main_execution:655] - Scraping category 45/148 - Basi e Sfoglie
2025-06-06 22:57:20,640 - everli_bot - INFO - [main_execution:655] - Scraping category 46/148 - Pasta Fresca
2025-06-06 22:57:23,582 - everli_bot - INFO - [main_execution:655] - Scraping category 47/148 - Farro, Quinoa e Altri Cereali
2025-06-06 22:57:26,902 - everli_bot - INFO - [main_execution:655] - Scraping category 48/148 - Vegetariano
2025-06-06 22:57:29,588 - everli_bot - INFO - [main_execution:655] - Scraping category 49/148 - Vegano
2025-06-06 22:57:32,674 - everli_bot - INFO - [main_execution:655] - Scraping category 50/148 - Pesce e Carne in Scatola
2025-06-06 22:57:38,166 - everli_bot - INFO - [main_execution:655] - Scraping category 51/148 - Olio, Aceto e Sale
2025-06-06 22:57:42,643 - everli_bot - INFO - [main_execution:655] - Scraping category 52/148 - Sughi Pronti
2025-06-06 22:57:46,529 - everli_bot - INFO - [main_execution:655] - Scraping category 53/148 - Pelati e Passate
2025-06-06 22:57:49,748 - everli_bot - INFO - [main_execution:655] - Scraping category 54/148 - Legumi
2025-06-06 22:57:55,347 - everli_bot - INFO - [main_execution:655] - Scraping category 55/148 - Olive, Sottoli e Sottaceti
2025-06-06 22:57:59,142 - everli_bot - INFO - [main_execution:655] - Scraping category 56/148 - Spezie, Dadi e Insaporitori
2025-06-06 22:58:09,247 - everli_bot - INFO - [main_execution:655] - Scraping category 57/148 - Salse e Paté
2025-06-06 22:58:13,601 - everli_bot - INFO - [main_execution:655] - Scraping category 58/148 - Prodotti Etnici
2025-06-06 22:58:22,232 - everli_bot - INFO - [main_execution:655] - Scraping category 59/148 - Uova
2025-06-06 22:58:28,778 - everli_bot - INFO - [main_execution:655] - Scraping category 60/148 - Farina e Amido
2025-06-06 22:58:32,957 - everli_bot - INFO - [main_execution:655] - Scraping category 61/148 - Preparati per Dolci
2025-06-06 22:58:36,436 - everli_bot - INFO - [main_execution:655] - Scraping category 62/148 - Purè e Polenta
2025-06-06 22:58:39,307 - everli_bot - INFO - [main_execution:655] - Scraping category 63/148 - Lieviti
2025-06-06 22:58:47,241 - everli_bot - INFO - [main_execution:655] - Scraping category 64/148 - Preparati per Pane e Pizze
2025-06-06 22:58:50,311 - everli_bot - INFO - [main_execution:655] - Scraping category 65/148 - Caffè
2025-06-06 22:58:54,598 - everli_bot - INFO - [main_execution:655] - Scraping category 66/148 - Zucchero e Dolcificanti
2025-06-06 22:58:59,168 - everli_bot - INFO - [main_execution:655] - Scraping category 67/148 - Tisane e Camomilla
2025-06-06 22:59:05,011 - everli_bot - INFO - [main_execution:655] - Scraping category 68/148 - Tè
2025-06-06 22:59:12,044 - everli_bot - INFO - [main_execution:655] - Scraping category 69/148 - Orzo
2025-06-06 22:59:16,717 - everli_bot - INFO - [main_execution:655] - Scraping category 70/148 - Biscotti
2025-06-06 22:59:21,148 - everli_bot - INFO - [main_execution:655] - Scraping category 71/148 - Merendine e Torte Confezionate
2025-06-06 22:59:33,594 - everli_bot - INFO - [main_execution:655] - Scraping category 72/148 - Confetture, miele e creme
2025-06-06 22:59:37,914 - everli_bot - INFO - [main_execution:655] - Scraping category 73/148 - Snack Dolci e Barrette
2025-06-06 22:59:44,376 - everli_bot - INFO - [main_execution:655] - Scraping category 74/148 - Cioccolato
2025-06-06 22:59:49,077 - everli_bot - INFO - [main_execution:655] - Scraping category 75/148 - Cereali e Muesli
2025-06-06 22:59:52,781 - everli_bot - INFO - [main_execution:655] - Scraping category 76/148 - Fette Biscottate
2025-06-06 22:59:59,976 - everli_bot - INFO - [main_execution:655] - Scraping category 77/148 - Cacao e Cioccolata in Polvere
2025-06-06 23:00:04,161 - everli_bot - INFO - [main_execution:655] - Scraping category 78/148 - Caramelle e Chewing Gum
2025-06-06 23:00:23,898 - everli_bot - INFO - [main_execution:655] - Scraping category 79/148 - Snack Salati
2025-06-06 23:00:32,377 - everli_bot - INFO - [main_execution:655] - Scraping category 80/148 - Minestroni, Zuppe e Vellutate
2025-06-06 23:00:35,989 - everli_bot - INFO - [main_execution:655] - Scraping category 81/148 - Pesce Surgelato
2025-06-06 23:00:41,867 - everli_bot - INFO - [main_execution:655] - Scraping category 82/148 - Piatti Pronti Surgelati
2025-06-06 23:00:48,949 - everli_bot - INFO - [main_execution:655] - Scraping category 83/148 - Verdure, Legumi e Aromi
2025-06-06 23:00:53,052 - everli_bot - INFO - [main_execution:655] - Scraping category 84/148 - Pizze e Torte Salate
2025-06-06 23:01:00,965 - everli_bot - INFO - [main_execution:655] - Scraping category 85/148 - Gelati
2025-06-06 23:01:11,924 - everli_bot - INFO - [main_execution:655] - Scraping category 86/148 - Pane e Brioches
2025-06-06 23:01:14,749 - everli_bot - INFO - [main_execution:655] - Scraping category 87/148 - Acqua
2025-06-06 23:01:19,291 - everli_bot - INFO - [main_execution:655] - Scraping category 88/148 - Bevande Gassate
2025-06-06 23:01:23,901 - everli_bot - INFO - [main_execution:655] - Scraping category 89/148 - Succhi di Frutta e Nettari
2025-06-06 23:01:28,164 - everli_bot - INFO - [main_execution:655] - Scraping category 90/148 - Bevande Piatte
2025-06-06 23:01:33,098 - everli_bot - INFO - [main_execution:655] - Scraping category 91/148 - Frullati e Spremute Fresche 
2025-06-06 23:01:37,484 - everli_bot - INFO - [main_execution:655] - Scraping category 92/148 - Bevande Funzionali
2025-06-06 23:01:40,643 - everli_bot - INFO - [main_execution:655] - Scraping category 93/148 - Vino
2025-06-06 23:01:45,253 - everli_bot - INFO - [main_execution:655] - Scraping category 94/148 - Birra
2025-06-06 23:03:39,655 - everli_bot - INFO - [main_execution:655] - Scraping category 95/148 - Aperitivi
2025-06-06 23:03:42,869 - everli_bot - INFO - [main_execution:655] - Scraping category 96/148 - Grappe, Amari e Sambuche
2025-06-06 23:03:48,975 - everli_bot - INFO - [main_execution:655] - Scraping category 97/148 - Gin, Vodka, Rum e Tequila
2025-06-06 23:03:52,082 - everli_bot - INFO - [main_execution:655] - Scraping category 98/148 - Liquori e Creme
2025-06-06 23:03:55,264 - everli_bot - INFO - [main_execution:655] - Scraping category 99/148 - Whisky, Cognac e Brandy
2025-06-06 23:03:58,253 - everli_bot - INFO - [main_execution:655] - Scraping category 100/148 - Carta Igienica e Fazzoletti
2025-06-06 23:04:03,009 - everli_bot - INFO - [main_execution:655] - Scraping category 101/148 - Corpo
2025-06-06 23:04:08,466 - everli_bot - INFO - [main_execution:655] - Scraping category 102/148 - Assorbenti, Cotone e Bastoncini di Cotone
2025-06-06 23:04:11,945 - everli_bot - INFO - [main_execution:655] - Scraping category 103/148 - Igiene Orale
2025-06-06 23:04:15,954 - everli_bot - INFO - [main_execution:655] - Scraping category 104/148 - Capelli
2025-06-06 23:04:21,028 - everli_bot - INFO - [main_execution:655] - Scraping category 105/148 - Deodoranti
2025-06-06 23:04:24,605 - everli_bot - INFO - [main_execution:655] - Scraping category 106/148 - Viso
2025-06-06 23:04:29,939 - everli_bot - INFO - [main_execution:655] - Scraping category 107/148 - Rasatura ed Epilazione
2025-06-06 23:04:33,857 - everli_bot - INFO - [main_execution:655] - Scraping category 108/148 - Make Up
2025-06-06 23:04:39,377 - everli_bot - INFO - [main_execution:655] - Scraping category 109/148 - Benessere Sessuale
2025-06-06 23:04:42,649 - everli_bot - INFO - [main_execution:655] - Scraping category 110/148 - Cura Persona
2025-06-06 23:04:46,334 - everli_bot - INFO - [main_execution:655] - Scraping category 111/148 - Cura Mani e Piedi
2025-06-06 23:04:50,022 - everli_bot - INFO - [main_execution:655] - Scraping category 112/148 - Integratori e dietetici
2025-06-06 23:04:54,405 - everli_bot - INFO - [main_execution:655] - Scraping category 113/148 - Detersivi Bucato
2025-06-06 23:04:59,856 - everli_bot - INFO - [main_execution:655] - Scraping category 114/148 - Accessori per la Pulizia
2025-06-06 23:05:04,664 - everli_bot - INFO - [main_execution:655] - Scraping category 115/148 - Detersivi Casa
2025-06-06 23:05:09,765 - everli_bot - INFO - [main_execution:655] - Scraping category 116/148 - Piatti e Stoviglie
2025-06-06 23:05:20,138 - everli_bot - INFO - [main_execution:655] - Scraping category 117/148 - Detersivi Bagno
2025-06-06 23:05:23,380 - everli_bot - INFO - [main_execution:655] - Scraping category 118/148 - Insetticidi
2025-06-06 23:05:27,266 - everli_bot - INFO - [main_execution:655] - Scraping category 119/148 - Stiraggio
2025-06-06 23:05:37,363 - everli_bot - INFO - [main_execution:655] - Scraping category 120/148 - Asciugatutto e Tovaglioli
2025-06-06 23:05:41,903 - everli_bot - INFO - [main_execution:655] - Scraping category 121/148 - Rotoli, Pellicole e Sacchetti
2025-06-06 23:05:45,580 - everli_bot - INFO - [main_execution:655] - Scraping category 122/148 - Profumatori e Candele
2025-06-06 23:05:53,260 - everli_bot - INFO - [main_execution:655] - Scraping category 123/148 - Piatti, Posate e Bicchieri
2025-06-06 23:05:57,786 - everli_bot - INFO - [main_execution:655] - Scraping category 124/148 - Pile, Lampadine e Prese
2025-06-06 23:06:00,684 - everli_bot - INFO - [main_execution:655] - Scraping category 125/148 - Vaschette e Contenitori
2025-06-06 23:06:03,818 - everli_bot - INFO - [main_execution:655] - Scraping category 126/148 - Casalinghi
2025-06-06 23:06:14,144 - everli_bot - INFO - [main_execution:655] - Scraping category 127/148 - Stuzzicadenti e Spiedi
2025-06-06 23:06:17,375 - everli_bot - INFO - [main_execution:655] - Scraping category 128/148 - Articoli per Calzature
2025-06-06 23:06:20,470 - everli_bot - INFO - [main_execution:655] - Scraping category 129/148 - Varie
2025-06-06 23:06:24,065 - everli_bot - INFO - [main_execution:655] - Scraping category 130/148 - Pannolini e Salviette
2025-06-06 23:06:27,227 - everli_bot - INFO - [main_execution:655] - Scraping category 131/148 - Alimenti per l'Infanzia
2025-06-06 23:06:31,011 - everli_bot - INFO - [main_execution:655] - Scraping category 132/148 - Igiene e Cura del Bimbo
2025-06-06 23:06:34,015 - everli_bot - INFO - [main_execution:655] - Scraping category 133/148 - Biberon e Succhietti
2025-06-06 23:06:36,851 - everli_bot - INFO - [main_execution:655] - Scraping category 134/148 - Giochi
2025-06-06 23:06:40,089 - everli_bot - INFO - [main_execution:655] - Scraping category 135/148 - Alimenti per Gatti
2025-06-06 23:06:43,786 - everli_bot - INFO - [main_execution:655] - Scraping category 136/148 - Alimenti per Cani
2025-06-06 23:06:47,204 - everli_bot - INFO - [main_execution:655] - Scraping category 137/148 - Lettiere e Deodoranti
2025-06-06 23:06:50,454 - everli_bot - INFO - [main_execution:655] - Scraping category 138/148 - Accessori e Giochi
2025-06-06 23:06:53,273 - everli_bot - INFO - [main_execution:655] - Scraping category 139/148 - Alimenti per Piccoli Animali
2025-06-06 23:06:56,114 - everli_bot - INFO - [main_execution:655] - Scraping category 140/148 - Antiparassitari
2025-06-06 23:06:58,781 - everli_bot - INFO - [main_execution:655] - Scraping category 141/148 - Fai da Te
2025-06-06 23:07:01,535 - everli_bot - INFO - [main_execution:655] - Scraping category 142/148 - Barbecue
2025-06-06 23:07:04,846 - everli_bot - INFO - [main_execution:655] - Scraping category 143/148 - Automobile
2025-06-06 23:07:07,701 - everli_bot - INFO - [main_execution:655] - Scraping category 144/148 - Giardinaggio
2025-06-06 23:07:10,721 - everli_bot - INFO - [main_execution:655] - Scraping category 145/148 - Igiene Corpo Bimbo
2025-06-06 23:07:13,700 - everli_bot - INFO - [main_execution:655] - Scraping category 146/148 - Carta, Quaderni e Accessori
2025-06-06 23:07:16,899 - everli_bot - INFO - [main_execution:655] - Scraping category 147/148 - Penne, Matite ed Evidenziatori
2025-06-06 23:07:19,927 - everli_bot - INFO - [main_execution:655] - Scraping category 148/148 - Accessori Media
2025-06-06 23:07:30,091 - everli_bot - INFO - [main_execution:762] - Appended 6920 products to DataProducts.csv
2025-06-06 23:07:30,091 - everli_bot - INFO - [main_execution:768] - Duration for store 3: 13.68 min
2025-06-06 23:07:30,092 - everli_bot - INFO - [main_execution:614] - Start processing Store 4 - Conad
2025-06-06 23:07:31,147 - everli_bot - INFO - [main_execution:649] - Categories found: 138
2025-06-06 23:07:31,154 - everli_bot - INFO - [main_execution:655] - Scraping category 1/138 - Solari
2025-06-06 23:07:36,594 - everli_bot - INFO - [main_execution:655] - Scraping category 2/138 - Verdura Fresca
2025-06-06 23:07:42,109 - everli_bot - INFO - [main_execution:655] - Scraping category 3/138 - Frutta Fresca
2025-06-06 23:07:49,444 - everli_bot - INFO - [main_execution:655] - Scraping category 4/138 - Insalate e Verdure in Busta
2025-06-06 23:07:54,607 - everli_bot - INFO - [main_execution:655] - Scraping category 5/138 - Frutta Secca e Sciroppata
2025-06-06 23:08:00,672 - everli_bot - INFO - [main_execution:655] - Scraping category 6/138 - Aromi
2025-06-06 23:08:05,998 - everli_bot - INFO - [main_execution:655] - Scraping category 7/138 - Semi e Mix per Insalata
2025-06-06 23:08:10,879 - everli_bot - INFO - [main_execution:655] - Scraping category 8/138 - Pollo e Tacchino
2025-06-06 23:08:16,865 - everli_bot - INFO - [main_execution:655] - Scraping category 9/138 - Manzo e Vitello
2025-06-06 23:08:23,329 - everli_bot - INFO - [main_execution:655] - Scraping category 10/138 - Maiale
2025-06-06 23:08:28,337 - everli_bot - INFO - [main_execution:655] - Scraping category 11/138 - Spiedini, Polpette e Specialità di Carne
2025-06-06 23:08:33,048 - everli_bot - INFO - [main_execution:655] - Scraping category 12/138 - Altre Carni
2025-06-06 23:08:37,921 - everli_bot - INFO - [main_execution:655] - Scraping category 13/138 - Wurstel e Carni Impanate
2025-06-06 23:08:47,727 - everli_bot - INFO - [main_execution:655] - Scraping category 14/138 - Pesce Fresco
2025-06-06 23:08:51,816 - everli_bot - INFO - [main_execution:655] - Scraping category 15/138 - Specialità di Pesce
2025-06-06 23:08:57,471 - everli_bot - INFO - [main_execution:655] - Scraping category 16/138 - Formaggi da Banco
2025-06-06 23:09:01,543 - everli_bot - INFO - [main_execution:655] - Scraping category 17/138 - Salumi da Banco
2025-06-06 23:09:06,027 - everli_bot - INFO - [main_execution:655] - Scraping category 18/138 - Banco Gastronomia
2025-06-06 23:09:10,009 - everli_bot - INFO - [main_execution:655] - Scraping category 19/138 - Piatti Pronti Confezionati
2025-06-06 23:09:13,648 - everli_bot - INFO - [main_execution:655] - Scraping category 20/138 - Prosciutto Crudo e Cotto
2025-06-06 23:09:16,910 - everli_bot - INFO - [main_execution:655] - Scraping category 21/138 - Bresaola, Pollo e Tacchino
2025-06-06 23:09:20,033 - everli_bot - INFO - [main_execution:655] - Scraping category 22/138 - Salame e Mortadella
2025-06-06 23:09:23,304 - everli_bot - INFO - [main_execution:655] - Scraping category 23/138 - Speck, Coppa e Pancetta e Altre Specialità
2025-06-06 23:09:26,282 - everli_bot - INFO - [main_execution:655] - Scraping category 24/138 - Tranci, a Cubetti e Snack
2025-06-06 23:09:29,157 - everli_bot - INFO - [main_execution:655] - Scraping category 25/138 - Grana, Parmigiano e Grattugiati
2025-06-06 23:09:32,128 - everli_bot - INFO - [main_execution:655] - Scraping category 26/138 - Mozzarella
2025-06-06 23:09:35,572 - everli_bot - INFO - [main_execution:655] - Scraping category 27/138 - Crescenze, Ricotte e Spalmabili
2025-06-06 23:09:38,887 - everli_bot - INFO - [main_execution:655] - Scraping category 28/138 - Altri Formaggi
2025-06-06 23:09:42,329 - everli_bot - INFO - [main_execution:655] - Scraping category 29/138 - Latte e Bevande Vegetali
2025-06-06 23:09:45,457 - everli_bot - INFO - [main_execution:655] - Scraping category 30/138 - Yogurt
2025-06-06 23:09:50,728 - everli_bot - INFO - [main_execution:655] - Scraping category 31/138 - Burro e Margarina
2025-06-06 23:09:53,683 - everli_bot - INFO - [main_execution:655] - Scraping category 32/138 - Panna, Besciamella e Mascarpone
2025-06-06 23:09:56,888 - everli_bot - INFO - [main_execution:655] - Scraping category 33/138 - Yogurt e Snack Bimbo
2025-06-06 23:09:59,863 - everli_bot - INFO - [main_execution:655] - Scraping category 34/138 - Dessert
2025-06-06 23:10:03,830 - everli_bot - INFO - [main_execution:655] - Scraping category 35/138 - Banco Forno
2025-06-06 23:10:07,607 - everli_bot - INFO - [main_execution:655] - Scraping category 36/138 - Cracker e Sostitutivi
2025-06-06 23:10:11,640 - everli_bot - INFO - [main_execution:655] - Scraping category 37/138 - Pane a Fette
2025-06-06 23:10:14,921 - everli_bot - INFO - [main_execution:655] - Scraping category 38/138 - Piadine
2025-06-06 23:10:17,771 - everli_bot - INFO - [main_execution:655] - Scraping category 39/138 - Pane Confezionato
2025-06-06 23:10:20,613 - everli_bot - INFO - [main_execution:655] - Scraping category 40/138 - Pane Grattugiato
2025-06-06 23:10:24,285 - everli_bot - INFO - [main_execution:655] - Scraping category 41/138 - Pasta Secca
2025-06-06 23:10:28,313 - everli_bot - INFO - [main_execution:655] - Scraping category 42/138 - Pasta Ripiena e Gnocchi
2025-06-06 23:10:31,289 - everli_bot - INFO - [main_execution:655] - Scraping category 43/138 - Riso
2025-06-06 23:10:33,935 - everli_bot - INFO - [main_execution:655] - Scraping category 44/138 - Basi e Sfoglie
2025-06-06 23:10:37,011 - everli_bot - INFO - [main_execution:655] - Scraping category 45/138 - Pasta Fresca
2025-06-06 23:10:39,958 - everli_bot - INFO - [main_execution:655] - Scraping category 46/138 - Farro, Quinoa e Altri Cereali
2025-06-06 23:10:43,262 - everli_bot - INFO - [main_execution:655] - Scraping category 47/138 - Vegano
2025-06-06 23:10:46,627 - everli_bot - INFO - [main_execution:655] - Scraping category 48/138 - Pesce e Carne in Scatola
2025-06-06 23:10:49,798 - everli_bot - INFO - [main_execution:655] - Scraping category 49/138 - Olio, Aceto e Sale
2025-06-06 23:10:52,852 - everli_bot - INFO - [main_execution:655] - Scraping category 50/138 - Sughi Pronti
2025-06-06 23:10:56,636 - everli_bot - INFO - [main_execution:655] - Scraping category 51/138 - Pelati e Passate
2025-06-06 23:11:00,716 - everli_bot - INFO - [main_execution:655] - Scraping category 52/138 - Legumi
2025-06-06 23:11:03,552 - everli_bot - INFO - [main_execution:655] - Scraping category 53/138 - Olive, Sottoli e Sottaceti
2025-06-06 23:11:07,458 - everli_bot - INFO - [main_execution:655] - Scraping category 54/138 - Spezie, Dadi e Insaporitori
2025-06-06 23:11:10,204 - everli_bot - INFO - [main_execution:655] - Scraping category 55/138 - Salse e Paté
2025-06-06 23:11:12,933 - everli_bot - INFO - [main_execution:655] - Scraping category 56/138 - Prodotti Etnici
2025-06-06 23:11:16,075 - everli_bot - INFO - [main_execution:655] - Scraping category 57/138 - Uova
2025-06-06 23:11:19,223 - everli_bot - INFO - [main_execution:655] - Scraping category 58/138 - Farina e Amido
2025-06-06 23:11:22,826 - everli_bot - INFO - [main_execution:655] - Scraping category 59/138 - Preparati per Dolci
2025-06-06 23:11:26,179 - everli_bot - INFO - [main_execution:655] - Scraping category 60/138 - Purè e Polenta
2025-06-06 23:11:29,270 - everli_bot - INFO - [main_execution:655] - Scraping category 61/138 - Lieviti
2025-06-06 23:11:31,943 - everli_bot - INFO - [main_execution:655] - Scraping category 62/138 - Caffè
2025-06-06 23:11:35,478 - everli_bot - INFO - [main_execution:655] - Scraping category 63/138 - Zucchero e Dolcificanti
2025-06-06 23:11:38,500 - everli_bot - INFO - [main_execution:655] - Scraping category 64/138 - Tisane e Camomilla
2025-06-06 23:11:41,997 - everli_bot - INFO - [main_execution:655] - Scraping category 65/138 - Tè
2025-06-06 23:11:44,842 - everli_bot - INFO - [main_execution:655] - Scraping category 66/138 - Orzo
2025-06-06 23:11:48,932 - everli_bot - INFO - [main_execution:655] - Scraping category 67/138 - Biscotti
2025-06-06 23:11:53,030 - everli_bot - INFO - [main_execution:655] - Scraping category 68/138 - Merendine e Torte Confezionate
2025-06-06 23:11:56,527 - everli_bot - INFO - [main_execution:655] - Scraping category 69/138 - Confetture, miele e creme
2025-06-06 23:12:00,375 - everli_bot - INFO - [main_execution:655] - Scraping category 70/138 - Snack Dolci e Barrette
2025-06-06 23:12:03,663 - everli_bot - INFO - [main_execution:655] - Scraping category 71/138 - Cioccolato
2025-06-06 23:12:07,408 - everli_bot - INFO - [main_execution:655] - Scraping category 72/138 - Cereali e Muesli
2025-06-06 23:12:10,565 - everli_bot - INFO - [main_execution:655] - Scraping category 73/138 - Fette Biscottate
2025-06-06 23:12:13,551 - everli_bot - INFO - [main_execution:655] - Scraping category 74/138 - Cacao e Cioccolata in Polvere
2025-06-06 23:12:16,538 - everli_bot - INFO - [main_execution:655] - Scraping category 75/138 - Caramelle e Chewing Gum
2025-06-06 23:12:21,670 - everli_bot - INFO - [main_execution:655] - Scraping category 76/138 - Snack Salati
2025-06-06 23:12:25,709 - everli_bot - INFO - [main_execution:655] - Scraping category 77/138 - Minestroni, Zuppe e Vellutate
2025-06-06 23:12:28,773 - everli_bot - INFO - [main_execution:655] - Scraping category 78/138 - Pesce Surgelato
2025-06-06 23:12:31,689 - everli_bot - INFO - [main_execution:655] - Scraping category 79/138 - Piatti Pronti Surgelati
2025-06-06 23:12:34,856 - everli_bot - INFO - [main_execution:655] - Scraping category 80/138 - Verdure, Legumi e Aromi
2025-06-06 23:12:38,031 - everli_bot - INFO - [main_execution:655] - Scraping category 81/138 - Pizze e Torte Salate
2025-06-06 23:12:48,659 - everli_bot - INFO - [main_execution:655] - Scraping category 82/138 - Gelati
2025-06-06 23:12:52,193 - everli_bot - INFO - [main_execution:655] - Scraping category 83/138 - Pane e Brioches
2025-06-06 23:12:54,874 - everli_bot - INFO - [main_execution:655] - Scraping category 84/138 - Acqua
2025-06-06 23:12:58,940 - everli_bot - INFO - [main_execution:655] - Scraping category 85/138 - Bevande Gassate
2025-06-06 23:13:01,874 - everli_bot - INFO - [main_execution:655] - Scraping category 86/138 - Succhi di Frutta e Nettari
2025-06-06 23:13:07,187 - everli_bot - INFO - [main_execution:655] - Scraping category 87/138 - Bevande Piatte
2025-06-06 23:13:10,390 - everli_bot - INFO - [main_execution:655] - Scraping category 88/138 - Frullati e Spremute Fresche 
2025-06-06 23:13:13,731 - everli_bot - INFO - [main_execution:655] - Scraping category 89/138 - Bevande Funzionali
2025-06-06 23:13:17,220 - everli_bot - INFO - [main_execution:655] - Scraping category 90/138 - Vino
2025-06-06 23:13:21,423 - everli_bot - INFO - [main_execution:655] - Scraping category 91/138 - Birra
2025-06-06 23:13:25,232 - everli_bot - INFO - [main_execution:655] - Scraping category 92/138 - Aperitivi
2025-06-06 23:13:28,531 - everli_bot - INFO - [main_execution:655] - Scraping category 93/138 - Grappe, Amari e Sambuche
2025-06-06 23:13:31,707 - everli_bot - INFO - [main_execution:655] - Scraping category 94/138 - Gin, Vodka, Rum e Tequila
2025-06-06 23:13:34,606 - everli_bot - INFO - [main_execution:655] - Scraping category 95/138 - Liquori e Creme
2025-06-06 23:13:37,858 - everli_bot - INFO - [main_execution:655] - Scraping category 96/138 - Whisky, Cognac e Brandy
2025-06-06 23:13:40,868 - everli_bot - INFO - [main_execution:655] - Scraping category 97/138 - Carta Igienica e Fazzoletti
2025-06-06 23:13:43,719 - everli_bot - INFO - [main_execution:655] - Scraping category 98/138 - Corpo
2025-06-06 23:13:46,956 - everli_bot - INFO - [main_execution:655] - Scraping category 99/138 - Assorbenti, Cotone e Bastoncini di Cotone
2025-06-06 23:13:49,750 - everli_bot - INFO - [main_execution:655] - Scraping category 100/138 - Igiene Orale
2025-06-06 23:13:53,047 - everli_bot - INFO - [main_execution:655] - Scraping category 101/138 - Capelli
2025-06-06 23:13:56,377 - everli_bot - INFO - [main_execution:655] - Scraping category 102/138 - Deodoranti
2025-06-06 23:13:59,381 - everli_bot - INFO - [main_execution:655] - Scraping category 103/138 - Viso
2025-06-06 23:14:02,705 - everli_bot - INFO - [main_execution:655] - Scraping category 104/138 - Rasatura ed Epilazione
2025-06-06 23:14:06,118 - everli_bot - INFO - [main_execution:655] - Scraping category 105/138 - Benessere Sessuale
2025-06-06 23:14:08,803 - everli_bot - INFO - [main_execution:655] - Scraping category 106/138 - Cura Persona
2025-06-06 23:14:13,947 - everli_bot - INFO - [main_execution:655] - Scraping category 107/138 - Cura Mani e Piedi
2025-06-06 23:14:17,028 - everli_bot - INFO - [main_execution:655] - Scraping category 108/138 - Integratori e dietetici
2025-06-06 23:14:24,409 - everli_bot - INFO - [main_execution:655] - Scraping category 109/138 - Detersivi Bucato
2025-06-06 23:14:28,184 - everli_bot - INFO - [main_execution:655] - Scraping category 110/138 - Accessori per la Pulizia
2025-06-06 23:14:32,207 - everli_bot - INFO - [main_execution:655] - Scraping category 111/138 - Detersivi Casa
2025-06-06 23:14:37,065 - everli_bot - INFO - [main_execution:655] - Scraping category 112/138 - Piatti e Stoviglie
2025-06-06 23:14:40,221 - everli_bot - INFO - [main_execution:655] - Scraping category 113/138 - Detersivi Bagno
2025-06-06 23:14:44,236 - everli_bot - INFO - [main_execution:655] - Scraping category 114/138 - Insetticidi
2025-06-06 23:14:47,020 - everli_bot - INFO - [main_execution:655] - Scraping category 115/138 - Stiraggio
2025-06-06 23:14:49,884 - everli_bot - INFO - [main_execution:655] - Scraping category 116/138 - Asciugatutto e Tovaglioli
2025-06-06 23:14:52,583 - everli_bot - INFO - [main_execution:655] - Scraping category 117/138 - Rotoli, Pellicole e Sacchetti
2025-06-06 23:14:55,909 - everli_bot - INFO - [main_execution:655] - Scraping category 118/138 - Profumatori e Candele
2025-06-06 23:14:59,309 - everli_bot - INFO - [main_execution:655] - Scraping category 119/138 - Piatti, Posate e Bicchieri
2025-06-06 23:15:02,791 - everli_bot - INFO - [main_execution:655] - Scraping category 120/138 - Pile, Lampadine e Prese
2025-06-06 23:15:06,055 - everli_bot - INFO - [main_execution:655] - Scraping category 121/138 - Vaschette e Contenitori
2025-06-06 23:15:09,622 - everli_bot - INFO - [main_execution:655] - Scraping category 122/138 - Casalinghi
2025-06-06 23:15:13,139 - everli_bot - INFO - [main_execution:655] - Scraping category 123/138 - Stuzzicadenti e Spiedi
2025-06-06 23:15:16,231 - everli_bot - INFO - [main_execution:655] - Scraping category 124/138 - Articoli per Calzature
2025-06-06 23:15:19,467 - everli_bot - INFO - [main_execution:655] - Scraping category 125/138 - Varie
2025-06-06 23:15:22,883 - everli_bot - INFO - [main_execution:655] - Scraping category 126/138 - Pannolini e Salviette
2025-06-06 23:15:26,666 - everli_bot - INFO - [main_execution:655] - Scraping category 127/138 - Alimenti per l'Infanzia
2025-06-06 23:15:30,488 - everli_bot - INFO - [main_execution:655] - Scraping category 128/138 - Igiene e Cura del Bimbo
2025-06-06 23:15:33,394 - everli_bot - INFO - [main_execution:655] - Scraping category 129/138 - Alimenti per Gatti
2025-06-06 23:15:36,815 - everli_bot - INFO - [main_execution:655] - Scraping category 130/138 - Alimenti per Cani
2025-06-06 23:15:39,683 - everli_bot - INFO - [main_execution:655] - Scraping category 131/138 - Lettiere e Deodoranti
2025-06-06 23:15:42,451 - everli_bot - INFO - [main_execution:655] - Scraping category 132/138 - Accessori e Giochi
2025-06-06 23:15:45,149 - everli_bot - INFO - [main_execution:655] - Scraping category 133/138 - Fai da Te
2025-06-06 23:15:48,023 - everli_bot - INFO - [main_execution:655] - Scraping category 134/138 - Giardinaggio
2025-06-06 23:15:51,214 - everli_bot - INFO - [main_execution:655] - Scraping category 135/138 - Igiene Corpo Bimbo
2025-06-06 23:15:54,700 - everli_bot - INFO - [main_execution:655] - Scraping category 136/138 - Carta, Quaderni e Accessori
2025-06-06 23:15:57,622 - everli_bot - INFO - [main_execution:655] - Scraping category 137/138 - Penne, Matite ed Evidenziatori
2025-06-06 23:16:01,826 - everli_bot - INFO - [main_execution:655] - Scraping category 138/138 - Contenitori, Buste e Raccoglitori
2025-06-06 23:16:05,712 - everli_bot - INFO - [main_execution:762] - Appended 3153 products to DataProducts.csv
2025-06-06 23:16:05,713 - everli_bot - INFO - [main_execution:768] - Duration for store 4: 8.59 min
2025-06-06 23:16:05,715 - everli_bot - INFO - [main_execution:614] - Start processing Store 5 - Pam
2025-06-06 23:16:06,777 - everli_bot - INFO - [main_execution:649] - Categories found: 139
2025-06-06 23:16:06,780 - everli_bot - INFO - [main_execution:655] - Scraping category 1/139 - Solari
2025-06-06 23:16:20,656 - everli_bot - INFO - [main_execution:655] - Scraping category 2/139 - Verdura Fresca
2025-06-06 23:16:29,595 - everli_bot - INFO - [main_execution:655] - Scraping category 3/139 - Frutta Fresca
2025-06-06 23:16:38,834 - everli_bot - INFO - [main_execution:655] - Scraping category 4/139 - Insalate e Verdure in Busta
2025-06-06 23:16:45,365 - everli_bot - INFO - [main_execution:655] - Scraping category 5/139 - Frutta Secca e Sciroppata
2025-06-06 23:16:53,890 - everli_bot - INFO - [main_execution:655] - Scraping category 6/139 - Aromi
2025-06-06 23:17:02,553 - everli_bot - INFO - [main_execution:655] - Scraping category 7/139 - Semi e Mix per Insalata
2025-06-06 23:17:10,926 - everli_bot - INFO - [main_execution:655] - Scraping category 8/139 - Pollo e Tacchino
2025-06-06 23:17:20,020 - everli_bot - INFO - [main_execution:655] - Scraping category 9/139 - Manzo e Vitello
2025-06-06 23:17:31,336 - everli_bot - INFO - [main_execution:655] - Scraping category 10/139 - Maiale
2025-06-06 23:17:48,311 - everli_bot - INFO - [main_execution:655] - Scraping category 11/139 - Spiedini, Polpette e Specialità di Carne
2025-06-06 23:18:05,704 - everli_bot - INFO - [main_execution:655] - Scraping category 12/139 - Altre Carni
2025-06-06 23:18:12,548 - everli_bot - INFO - [main_execution:655] - Scraping category 13/139 - Wurstel e Carni Impanate
2025-06-06 23:18:17,856 - everli_bot - INFO - [main_execution:655] - Scraping category 14/139 - Pesce Fresco
2025-06-06 23:18:26,491 - everli_bot - INFO - [main_execution:655] - Scraping category 15/139 - Specialità di Pesce
2025-06-06 23:18:31,617 - everli_bot - INFO - [main_execution:655] - Scraping category 16/139 - Formaggi da Banco
2025-06-06 23:18:38,239 - everli_bot - INFO - [main_execution:655] - Scraping category 17/139 - Salumi da Banco
2025-06-06 23:18:45,216 - everli_bot - INFO - [main_execution:655] - Scraping category 18/139 - Banco Gastronomia
2025-06-06 23:18:51,331 - everli_bot - INFO - [main_execution:655] - Scraping category 19/139 - Piatti Pronti Confezionati
2025-06-06 23:18:55,793 - everli_bot - INFO - [main_execution:655] - Scraping category 20/139 - Prosciutto Crudo e Cotto
2025-06-06 23:18:59,471 - everli_bot - INFO - [main_execution:655] - Scraping category 21/139 - Bresaola, Pollo e Tacchino
2025-06-06 23:19:02,409 - everli_bot - INFO - [main_execution:655] - Scraping category 22/139 - Salame e Mortadella
2025-06-06 23:19:05,929 - everli_bot - INFO - [main_execution:655] - Scraping category 23/139 - Speck, Coppa e Pancetta e Altre Specialità
2025-06-06 23:19:08,947 - everli_bot - INFO - [main_execution:655] - Scraping category 24/139 - Tranci, a Cubetti e Snack
2025-06-06 23:19:12,397 - everli_bot - INFO - [main_execution:655] - Scraping category 25/139 - Grana, Parmigiano e Grattugiati
2025-06-06 23:19:16,030 - everli_bot - INFO - [main_execution:655] - Scraping category 26/139 - Mozzarella
2025-06-06 23:19:19,358 - everli_bot - INFO - [main_execution:655] - Scraping category 27/139 - Crescenze, Ricotte e Spalmabili
2025-06-06 23:19:23,526 - everli_bot - INFO - [main_execution:655] - Scraping category 28/139 - Altri Formaggi
2025-06-06 23:19:26,912 - everli_bot - INFO - [main_execution:655] - Scraping category 29/139 - Latte e Bevande Vegetali
2025-06-06 23:19:30,512 - everli_bot - INFO - [main_execution:655] - Scraping category 30/139 - Yogurt
2025-06-06 23:19:34,794 - everli_bot - INFO - [main_execution:655] - Scraping category 31/139 - Burro e Margarina
2025-06-06 23:19:38,230 - everli_bot - INFO - [main_execution:655] - Scraping category 32/139 - Panna, Besciamella e Mascarpone
2025-06-06 23:19:41,697 - everli_bot - INFO - [main_execution:655] - Scraping category 33/139 - Yogurt e Snack Bimbo
2025-06-06 23:19:45,393 - everli_bot - INFO - [main_execution:655] - Scraping category 34/139 - Dessert
2025-06-06 23:19:48,486 - everli_bot - INFO - [main_execution:655] - Scraping category 35/139 - Banco Forno
2025-06-06 23:19:53,719 - everli_bot - INFO - [main_execution:655] - Scraping category 36/139 - Cracker e Sostitutivi
2025-06-06 23:19:57,942 - everli_bot - INFO - [main_execution:655] - Scraping category 37/139 - Pane a Fette
2025-06-06 23:20:01,339 - everli_bot - INFO - [main_execution:655] - Scraping category 38/139 - Piadine
2025-06-06 23:20:04,988 - everli_bot - INFO - [main_execution:655] - Scraping category 39/139 - Pane Confezionato
2025-06-06 23:20:08,282 - everli_bot - INFO - [main_execution:655] - Scraping category 40/139 - Pane Grattugiato
2025-06-06 23:20:11,035 - everli_bot - INFO - [main_execution:655] - Scraping category 41/139 - Pasta Secca
2025-06-06 23:20:15,353 - everli_bot - INFO - [main_execution:655] - Scraping category 42/139 - Pasta Ripiena e Gnocchi
2025-06-06 23:20:18,681 - everli_bot - INFO - [main_execution:655] - Scraping category 43/139 - Riso
2025-06-06 23:20:22,107 - everli_bot - INFO - [main_execution:655] - Scraping category 44/139 - Basi e Sfoglie
2025-06-06 23:20:25,488 - everli_bot - INFO - [main_execution:655] - Scraping category 45/139 - Pasta Fresca
2025-06-06 23:20:29,320 - everli_bot - INFO - [main_execution:655] - Scraping category 46/139 - Farro, Quinoa e Altri Cereali
2025-06-06 23:20:32,200 - everli_bot - INFO - [main_execution:655] - Scraping category 47/139 - Vegetariano
2025-06-06 23:20:35,680 - everli_bot - INFO - [main_execution:655] - Scraping category 48/139 - Vegano
2025-06-06 23:20:39,051 - everli_bot - INFO - [main_execution:655] - Scraping category 49/139 - Pesce e Carne in Scatola
2025-06-06 23:20:43,963 - everli_bot - INFO - [main_execution:655] - Scraping category 50/139 - Olio, Aceto e Sale
2025-06-06 23:20:48,775 - everli_bot - INFO - [main_execution:655] - Scraping category 51/139 - Sughi Pronti
2025-06-06 23:20:52,674 - everli_bot - INFO - [main_execution:655] - Scraping category 52/139 - Pelati e Passate
2025-06-06 23:20:55,927 - everli_bot - INFO - [main_execution:655] - Scraping category 53/139 - Legumi
2025-06-06 23:21:00,070 - everli_bot - INFO - [main_execution:655] - Scraping category 54/139 - Olive, Sottoli e Sottaceti
2025-06-06 23:21:14,437 - everli_bot - INFO - [main_execution:655] - Scraping category 55/139 - Spezie, Dadi e Insaporitori
2025-06-06 23:21:19,357 - everli_bot - INFO - [main_execution:655] - Scraping category 56/139 - Salse e Paté
2025-06-06 23:21:24,707 - everli_bot - INFO - [main_execution:655] - Scraping category 57/139 - Prodotti Etnici
2025-06-06 23:21:27,693 - everli_bot - INFO - [main_execution:655] - Scraping category 58/139 - Uova
2025-06-06 23:21:30,675 - everli_bot - INFO - [main_execution:655] - Scraping category 59/139 - Farina e Amido
2025-06-06 23:21:35,606 - everli_bot - INFO - [main_execution:655] - Scraping category 60/139 - Preparati per Dolci
2025-06-06 23:21:39,864 - everli_bot - INFO - [main_execution:655] - Scraping category 61/139 - Purè e Polenta
2025-06-06 23:21:42,568 - everli_bot - INFO - [main_execution:655] - Scraping category 62/139 - Lieviti
2025-06-06 23:21:47,194 - everli_bot - INFO - [main_execution:655] - Scraping category 63/139 - Preparati per Pane e Pizze
2025-06-06 23:21:49,967 - everli_bot - INFO - [main_execution:655] - Scraping category 64/139 - Caffè
